[35m[Appium][39m Welcome to Appium v1.8.1
[35m[Appium][39m Non-default server args:
[35m[Appium][39m   port: 62849
[35m[Appium][39m   loglevel: info
[35m[Appium][39m   chromeDriverPort: 62850
[35m[Appium][39m   tmpDir: C:\Users\ADMINI~1\AppData\Local\Temp\2\\Katalon\Appium\Temp1567946369445
[35m[Appium][39m Appium REST http interface listener started on 0.0.0.0:62849
[35m[HTTP][39m [37m-->[39m [37mGET[39m [37m/wd/hub/status[39m
[35m[HTTP][39m [90m{}[39m
[35m[HTTP][39m [37m<-- GET /wd/hub/status [39m[32m200[39m [90m9 ms - 83[39m
[35m[HTTP][39m [90m[39m
[35m[HTTP][39m [37m-->[39m [37mGET[39m [37m/wd/hub/status[39m
[35m[HTTP][39m [90m{}[39m
[35m[HTTP][39m [37m<-- GET /wd/hub/status [39m[32m200[39m [90m2 ms - 83[39m
[35m[HTTP][39m [90m[39m
[35m[HTTP][39m [37m-->[39m [37mPOST[39m [37m/wd/hub/session[39m
[35m[HTTP][39m [90m{"desiredCapabilities":{"app":"C:\\Users\\Administrator\\git\\ACCOne-Mobile\\AccWorld - tst env.apk","appWaitActivity":"com.*","autoGrantPermissions":true,"automationName":"uiautomator2","deviceId":"","deviceName":"emulator-5554 (Android SDK built for x86 - Android 9)","fullReset":false,"newCommandTimeout":1800,"noReset":true,"platform":"ANDROID","platformName":"Android","resetKeyboard":true,"udid":"emulator-5554","unicodeKeyboard":true},"capabilities":{"desiredCapabilities":{"app":"C:\\Users\\Administrator\\git\\ACCOne-Mobile\\AccWorld - tst env.apk","appWaitActivity":"com.*","autoGrantPermissions":true,"automationName":"uiautomator2","deviceId":"","deviceName":"emulator-5554 (Android SDK built for x86 - Android 9)","fullReset":false,"newCommandTimeout":1800,"noReset":true,"platform":"ANDROID","platformName":"Android","resetKeyboard":true,"udid":"emulator-5554","unicodeKeyboard":true},"firstMatch":[{"platformName":"android"}]}}[39m
[35m[Appium][39m Could not parse W3C capabilities: 'deviceName' can't be blank. Falling back to JSONWP protocol.
[35m[Appium][39m The following capabilities were provided in the JSONWP desired capabilities that are missing in W3C capabilities: ["app","appWaitActivity","autoGrantPermissions","automationName","deviceId","deviceName","fullReset","newCommandTimeout","noReset","platform","platformName","resetKeyboard","udid","unicodeKeyboard"]. Falling back to JSONWP protocol.
[35m[Appium][39m Creating new AndroidUiautomator2Driver (v1.12.0) session
[35m[Appium][39m Capabilities:
[35m[Appium][39m   app: C:\Users\Administrator\git\ACCOne-Mobile\AccWorld - tst env.apk
[35m[Appium][39m   appWaitActivity: com.*
[35m[Appium][39m   autoGrantPermissions: true
[35m[Appium][39m   automationName: uiautomator2
[35m[Appium][39m   deviceId: 
[35m[Appium][39m   deviceName: emulator-5554 (Android SDK built for x86 - Android 9)
[35m[Appium][39m   fullReset: false
[35m[Appium][39m   newCommandTimeout: 1800
[35m[Appium][39m   noReset: true
[35m[Appium][39m   platform: ANDROID
[35m[Appium][39m   platformName: Android
[35m[Appium][39m   resetKeyboard: true
[35m[Appium][39m   udid: emulator-5554
[35m[Appium][39m   unicodeKeyboard: true
[35m[BaseDriver][39m The following capabilities were provided, but are not recognized by appium: deviceId, platform.
[35m[BaseDriver][39m Session created with session id: d9504b68-58e8-445e-a692-6ec6ab841d23
[35m[BaseDriver][39m Using local app 'C:\Users\Administrator\git\ACCOne-Mobile\AccWorld - tst env.apk'
[35m[AndroidDriver][39m Java version is: 1.8.0_181
[35m[ADB][39m Checking whether adb is present
[35m[ADB][39m Found 1 'build-tools' folders under 'C:\Users\Administrator\.katalon\tools\android_sdk' (newest first):
[35m[ADB][39m     C:/Users/Administrator/.katalon/tools/android_sdk/build-tools/29.0.0
[35m[ADB][39m Using adb.exe from C:\Users\Administrator\.katalon\tools\android_sdk\platform-tools\adb.exe
[35m[AndroidDriver][39m Retrieving device list
[35m[AndroidDriver][39m Using device: emulator-5554
[35m[ADB][39m Using the alternative activity name detection method because of: Could not find apkanalyzer.bat in C:\Users\Administrator\.katalon\tools\android_sdk\platform-tools\apkanalyzer.bat,C:\Users\Administrator\.katalon\tools\android_sdk\emulator\apkanalyzer.bat,C:\Users\Administrator\.katalon\tools\android_sdk\tools\apkanalyzer.bat,C:\Users\Administrator\.katalon\tools\android_sdk\tools\bin\apkanalyzer.bat,C:\Users\Administrator\.katalon\tools\android_sdk\build-tools\29.0.0\apkanalyzer.bat. Do you have the Android SDK installed at 'C:\Users\Administrator\.katalon\tools\android_sdk'?
[35m[ADB][39m Checking whether aapt is present
[35m[ADB][39m Using aapt.exe from C:\Users\Administrator\.katalon\tools\android_sdk\build-tools\29.0.0\aapt.exe
[35m[ADB][39m Extracting package and launch activity from manifest
[35m[ADB][39m Package name: 'com.outsystemsenterprise.acctst1.AccWorld'
[35m[ADB][39m Main activity name: 'com.outsystemsenterprise.acctst1.AccWorld.MainActivity'
[35m[ADB][39m Getting device platform version
[35m[ADB][39m Using apksigner.bat from C:\Users\Administrator\.katalon\tools\android_sdk\build-tools\29.0.0\apksigner.bat
[35m[ADB][39m Checking whether zipalign is present
[35m[ADB][39m Using zipalign.exe from C:\Users\Administrator\.katalon\tools\android_sdk\build-tools\29.0.0\zipalign.exe
[35m[ADB][39m io.appium.uiautomator2.server was successfully uninstalled
[35m[ADB][39m io.appium.uiautomator2.server.test was successfully uninstalled
[35m[AndroidDriver][39m setDeviceLanguageCountry requires language or country.
[35m[AndroidDriver][39m Got language: 'null' and country: 'null'
[35m[ADB][39m Successfully extracted 43 strings from 'C:\Users\Administrator\git\ACCOne-Mobile\AccWorld - tst env.apk' resources for '(default)' configuration
[35m[UiAutomator2][39m Starting uiautomator2 server 1.12.0
[35m[UiAutomator2][39m Using UIAutomator2 server from 'C:\Users\Administrator\AppData\Roaming\npm\node_modules\appium\node_modules\appium-uiautomator2-server\apks\appium-uiautomator2-server-v1.12.0.apk' and test from 'C:\Users\Administrator\AppData\Roaming\npm\node_modules\appium\node_modules\appium-uiautomator2-server\apks\appium-uiautomator2-server-debug-androidTest.apk'
[35m[UiAutomator2][39m Running command: 'adb -s emulator-5554 shell am instrument -w io.appium.uiautomator2.server.test/android.support.test.runner.AndroidJUnitRunner'
[35m[UiAutomator2][39m Waiting up to 20000ms for UiAutomator2 to be online...
[35m[AndroidDriver][39m Screen already unlocked, doing nothing
[35m[UiAutomator2][39m UiAutomator2 did not start the activity we were waiting for, 'com.outsystemsenterprise.acctst1.AccWorld/com.*'. Starting it ourselves
[35m[Appium][39m New AndroidUiautomator2Driver session created successfully, session d9504b68-58e8-445e-a692-6ec6ab841d23 added to master session list
[35m[HTTP][39m [37m<-- POST /wd/hub/session [39m[32m200[39m [90m18984 ms - 1407[39m
[35m[HTTP][39m [90m[39m
[35m[HTTP][39m [37m-->[39m [37mGET[39m [37m/wd/hub/status[39m
[35m[HTTP][39m [90m{}[39m
[35m[HTTP][39m [37m<-- GET /wd/hub/status [39m[32m200[39m [90m7 ms - 55[39m
[35m[HTTP][39m [90m[39m
[35m[HTTP][39m [37m-->[39m [37mPOST[39m [37m/wd/hub/session/d9504b68-58e8-445e-a692-6ec6ab841d23/timeouts[39m
[35m[HTTP][39m [90m{"type":"implicit","ms":60000}[39m
[35m[HTTP][39m [37m<-- POST /wd/hub/session/d9504b68-58e8-445e-a692-6ec6ab841d23/timeouts [39m[33m400[39m [90m11 ms - 5460[39m
[35m[HTTP][39m [90m[39m
[35m[HTTP][39m [37m-->[39m [37mGET[39m [37m/wd/hub/session/d9504b68-58e8-445e-a692-6ec6ab841d23/source[39m
[35m[HTTP][39m [90m{}[39m
[35m[W3C][39m Driver proxy active, passing request on via HTTP proxy
[35m[JSONWP Proxy][39m Replacing sessionId 905e0698-6310-4806-9296-ec839420eee8 with d9504b68-58e8-445e-a692-6ec6ab841d23
[35m[HTTP][39m [37m<-- GET /wd/hub/session/d9504b68-58e8-445e-a692-6ec6ab841d23/source [39m[32m200[39m [90m381 ms - 1483[39m
[35m[HTTP][39m [90m[39m
[35m[HTTP][39m [37m-->[39m [37mGET[39m [37m/wd/hub/session/d9504b68-58e8-445e-a692-6ec6ab841d23/screenshot[39m
[35m[HTTP][39m [90m{}[39m
[35m[HTTP][39m [37m<-- GET /wd/hub/session/d9504b68-58e8-445e-a692-6ec6ab841d23/screenshot [39m[32m200[39m [90m581 ms - 46608[39m
[35m[HTTP][39m [90m[39m
[35m[HTTP][39m [37m-->[39m [37mGET[39m [37m/wd/hub/session/d9504b68-58e8-445e-a692-6ec6ab841d23/source[39m
[35m[HTTP][39m [90m{}[39m
[35m[W3C][39m Driver proxy active, passing request on via HTTP proxy
[35m[JSONWP Proxy][39m Replacing sessionId 905e0698-6310-4806-9296-ec839420eee8 with d9504b68-58e8-445e-a692-6ec6ab841d23
[35m[HTTP][39m [37m<-- GET /wd/hub/session/d9504b68-58e8-445e-a692-6ec6ab841d23/source [39m[32m200[39m [90m217 ms - 1931[39m
[35m[HTTP][39m [90m[39m
[35m[HTTP][39m [37m-->[39m [37mGET[39m [37m/wd/hub/session/d9504b68-58e8-445e-a692-6ec6ab841d23/screenshot[39m
[35m[HTTP][39m [90m{}[39m
[35m[HTTP][39m [37m<-- GET /wd/hub/session/d9504b68-58e8-445e-a692-6ec6ab841d23/screenshot [39m[32m200[39m [90m772 ms - 771848[39m
[35m[HTTP][39m [90m[39m
[35m[HTTP][39m [37m-->[39m [37mGET[39m [37m/wd/hub/session/d9504b68-58e8-445e-a692-6ec6ab841d23/source[39m
[35m[HTTP][39m [90m{}[39m
[35m[W3C][39m Driver proxy active, passing request on via HTTP proxy
[35m[JSONWP Proxy][39m Replacing sessionId 905e0698-6310-4806-9296-ec839420eee8 with d9504b68-58e8-445e-a692-6ec6ab841d23
[35m[HTTP][39m [37m<-- GET /wd/hub/session/d9504b68-58e8-445e-a692-6ec6ab841d23/source [39m[32m200[39m [90m3019 ms - 67570[39m
[35m[HTTP][39m [90m[39m
[35m[HTTP][39m [37m-->[39m [37mGET[39m [37m/wd/hub/session/d9504b68-58e8-445e-a692-6ec6ab841d23/screenshot[39m
[35m[HTTP][39m [90m{}[39m
[35m[HTTP][39m [37m<-- GET /wd/hub/session/d9504b68-58e8-445e-a692-6ec6ab841d23/screenshot [39m[32m200[39m [90m672 ms - 671400[39m
[35m[HTTP][39m [90m[39m
[35m[HTTP][39m [37m-->[39m [37mDELETE[39m [37m/wd/hub/session/d9504b68-58e8-445e-a692-6ec6ab841d23[39m
[35m[HTTP][39m [90m{}[39m
[35m[Appium][39m Removing session d9504b68-58e8-445e-a692-6ec6ab841d23 from our master session list
[35m[HTTP][39m [37m<-- DELETE /wd/hub/session/d9504b68-58e8-445e-a692-6ec6ab841d23 [39m[32m200[39m [90m534 ms - 76[39m
[35m[HTTP][39m [90m[39m
