<?xml version="1.0" encoding="UTF-8" standalone="no"?>
<!DOCTYPE log SYSTEM "logger.dtd">
<log>
<record>
  <date>2019-06-29T11:52:12</date>
  <millis>1561783932743</millis>
  <sequence>0</sequence>
  <level>START</level>
  <class>com.kms.katalon.core.logging.XmlKeywordLogger</class>
  <method>startSuite</method>
  <thread>1</thread>
  <message>Start Test Suite : Test Suites/MOBILE_TS_Mobil Baru - non paket - data binding (6-10)</message>
  <nestedLevel>0</nestedLevel>
  <property name="name">MOBILE_TS_Mobil Baru - non paket - data binding (6-10)</property>
  <property name="description"></property>
  <property name="id">Test Suites/MOBILE_TS_Mobil Baru - non paket - data binding (6-10)</property>
</record>
<record>
  <date>2019-06-29T11:52:12</date>
  <millis>1561783932781</millis>
  <sequence>1</sequence>
  <level>RUN_DATA</level>
  <class>com.kms.katalon.core.logging.XmlKeywordLogger</class>
  <method>logMessage</method>
  <thread>1</thread>
  <message>hostName = 15421 - FATITQC15421L.local</message>
  <nestedLevel>0</nestedLevel>
  <property name="hostName">15421 - FATITQC15421L.local</property>
</record>
<record>
  <date>2019-06-29T11:52:12</date>
  <millis>1561783932782</millis>
  <sequence>2</sequence>
  <level>RUN_DATA</level>
  <class>com.kms.katalon.core.logging.XmlKeywordLogger</class>
  <method>logMessage</method>
  <thread>1</thread>
  <message>os = Windows 10 64bit</message>
  <nestedLevel>0</nestedLevel>
  <property name="os">Windows 10 64bit</property>
</record>
<record>
  <date>2019-06-29T11:52:12</date>
  <millis>1561783932783</millis>
  <sequence>3</sequence>
  <level>RUN_DATA</level>
  <class>com.kms.katalon.core.logging.XmlKeywordLogger</class>
  <method>logMessage</method>
  <thread>1</thread>
  <message>hostAddress = 192.168.1.13</message>
  <nestedLevel>0</nestedLevel>
  <property name="hostAddress">192.168.1.13</property>
</record>
<record>
  <date>2019-06-29T11:52:12</date>
  <millis>1561783932786</millis>
  <sequence>4</sequence>
  <level>RUN_DATA</level>
  <class>com.kms.katalon.core.logging.XmlKeywordLogger</class>
  <method>logMessage</method>
  <thread>1</thread>
  <message>katalonVersion = 6.1.5.3</message>
  <nestedLevel>0</nestedLevel>
  <property name="katalonVersion">6.1.5.3</property>
</record>
<record>
  <date>2019-06-29T11:52:13</date>
  <millis>1561783933530</millis>
  <sequence>5</sequence>
  <level>START</level>
  <class>com.kms.katalon.core.logging.XmlKeywordLogger</class>
  <method>startTest</method>
  <thread>1</thread>
  <message>Start Test Case : Test Cases/Dashboard/Cari Mobil/Mobil Baru/Non Paket/flow data binding/Mobil Baru</message>
  <nestedLevel>1</nestedLevel>
  <property name="name">Test Cases/Dashboard/Cari Mobil/Mobil Baru/Non Paket/flow data binding/Mobil Baru</property>
  <property name="description"></property>
  <property name="id">Test Cases/Dashboard/Cari Mobil/Mobil Baru/Non Paket/flow data binding/Mobil Baru</property>
  <property name="source">C:\\Users\\15421\\Katalon Studio\\accupdate4april\\accupdate4april\\Test Cases\\Dashboard\\Cari Mobil\\Mobil Baru\\Non Paket\\flow data binding\\Mobil Baru.tc</property>
  <property name="tag"></property>
  <property name="isOptional">false</property>
</record>
<record>
  <date>2019-06-29T11:52:13</date>
  <millis>1561783933637</millis>
  <sequence>7</sequence>
  <level>INFO</level>
  <class>com.kms.katalon.core.logging.XmlKeywordLogger</class>
  <method>logMessage</method>
  <thread>1</thread>
  <message>varAreaPengajuan = DKI Jakarta, Banten, Jawa Barat</message>
  <nestedLevel>1</nestedLevel>
</record>
<record>
  <date>2019-06-29T11:52:13</date>
  <millis>1561783933640</millis>
  <sequence>8</sequence>
  <level>INFO</level>
  <class>com.kms.katalon.core.logging.XmlKeywordLogger</class>
  <method>logMessage</method>
  <thread>1</thread>
  <message>varCabang = FATMAWATI</message>
  <nestedLevel>1</nestedLevel>
</record>
<record>
  <date>2019-06-29T11:52:13</date>
  <millis>1561783933640</millis>
  <sequence>9</sequence>
  <level>INFO</level>
  <class>com.kms.katalon.core.logging.XmlKeywordLogger</class>
  <method>logMessage</method>
  <thread>1</thread>
  <message>varBrand = TOYOTA</message>
  <nestedLevel>1</nestedLevel>
</record>
<record>
  <date>2019-06-29T11:52:13</date>
  <millis>1561783933640</millis>
  <sequence>10</sequence>
  <level>INFO</level>
  <class>com.kms.katalon.core.logging.XmlKeywordLogger</class>
  <method>logMessage</method>
  <thread>1</thread>
  <message>varType =  </message>
  <nestedLevel>1</nestedLevel>
</record>
<record>
  <date>2019-06-29T11:52:13</date>
  <millis>1561783933640</millis>
  <sequence>11</sequence>
  <level>INFO</level>
  <class>com.kms.katalon.core.logging.XmlKeywordLogger</class>
  <method>logMessage</method>
  <thread>1</thread>
  <message>varModel =  </message>
  <nestedLevel>1</nestedLevel>
</record>
<record>
  <date>2019-06-29T11:52:13</date>
  <millis>1561783933656</millis>
  <sequence>12</sequence>
  <level>INFO</level>
  <class>com.kms.katalon.core.logging.XmlKeywordLogger</class>
  <method>logMessage</method>
  <thread>1</thread>
  <message>varTahun = 2019</message>
  <nestedLevel>1</nestedLevel>
</record>
<record>
  <date>2019-06-29T11:52:13</date>
  <millis>1561783933656</millis>
  <sequence>13</sequence>
  <level>INFO</level>
  <class>com.kms.katalon.core.logging.XmlKeywordLogger</class>
  <method>logMessage</method>
  <thread>1</thread>
  <message>varOTR = 150000000</message>
  <nestedLevel>1</nestedLevel>
</record>
<record>
  <date>2019-06-29T11:52:13</date>
  <millis>1561783933656</millis>
  <sequence>14</sequence>
  <level>INFO</level>
  <class>com.kms.katalon.core.logging.XmlKeywordLogger</class>
  <method>logMessage</method>
  <thread>1</thread>
  <message>varPeriode = 60</message>
  <nestedLevel>1</nestedLevel>
</record>
<record>
  <date>2019-06-29T11:52:13</date>
  <millis>1561783933656</millis>
  <sequence>15</sequence>
  <level>INFO</level>
  <class>com.kms.katalon.core.logging.XmlKeywordLogger</class>
  <method>logMessage</method>
  <thread>1</thread>
  <message>varUangMuka = 50</message>
  <nestedLevel>1</nestedLevel>
</record>
<record>
  <date>2019-06-29T11:52:13</date>
  <millis>1561783933656</millis>
  <sequence>16</sequence>
  <level>INFO</level>
  <class>com.kms.katalon.core.logging.XmlKeywordLogger</class>
  <method>logMessage</method>
  <thread>1</thread>
  <message>varAsuransi = TUNAI</message>
  <nestedLevel>1</nestedLevel>
</record>
<record>
  <date>2019-06-29T11:52:13</date>
  <millis>1561783933656</millis>
  <sequence>17</sequence>
  <level>INFO</level>
  <class>com.kms.katalon.core.logging.XmlKeywordLogger</class>
  <method>logMessage</method>
  <thread>1</thread>
  <message>varACP = Y</message>
  <nestedLevel>1</nestedLevel>
</record>
<record>
  <date>2019-06-29T11:52:13</date>
  <millis>1561783933656</millis>
  <sequence>18</sequence>
  <level>INFO</level>
  <class>com.kms.katalon.core.logging.XmlKeywordLogger</class>
  <method>logMessage</method>
  <thread>1</thread>
  <message>varExpectedResult = DISABLEDBUTTON</message>
  <nestedLevel>1</nestedLevel>
</record>
<record>
  <date>2019-06-29T11:52:14</date>
  <millis>1561783934932</millis>
  <sequence>19</sequence>
  <level>START</level>
  <class>com.kms.katalon.core.logging.XmlKeywordLogger</class>
  <method>startKeyword</method>
  <thread>1</thread>
  <message>Start action : callTestCase(findTestCase(\&amp;quot;Open application\&amp;quot;), [:], STOP_ON_FAILURE)</message>
  <nestedLevel>1</nestedLevel>
  <property name="startLine">18</property>
  <property name="stepIndex">1</property>
</record>
<record>
  <date>2019-06-29T11:52:15</date>
  <millis>1561783935546</millis>
  <sequence>22</sequence>
  <level>START</level>
  <class>com.kms.katalon.core.logging.XmlKeywordLogger</class>
  <method>startTest</method>
  <thread>1</thread>
  <message>Start Test Case : Test Cases/Open application</message>
  <nestedLevel>2</nestedLevel>
  <property name="name">Test Cases/Open application</property>
  <property name="description"></property>
  <property name="id">Test Cases/Open application</property>
  <property name="source">C:\\Users\\15421\\Katalon Studio\\accupdate4april\\accupdate4april\\Test Cases\\Open application.tc</property>
  <property name="tag"></property>
  <property name="isOptional">false</property>
</record>
<record>
  <date>2019-06-29T11:52:16</date>
  <millis>1561783936323</millis>
  <sequence>24</sequence>
  <level>START</level>
  <class>com.kms.katalon.core.logging.XmlKeywordLogger</class>
  <method>startKeyword</method>
  <thread>1</thread>
  <message>Start action : appPath = relativeToAbsolutePath(apkname, getProjectDir())</message>
  <nestedLevel>1</nestedLevel>
  <property name="startLine">19</property>
  <property name="stepIndex">1</property>
  <property name="description">required for PathUtil to get the current app path</property>
</record>
<record>
  <date>2019-06-29T11:52:16</date>
  <millis>1561783936789</millis>
  <sequence>25</sequence>
  <level>END</level>
  <class>com.kms.katalon.core.logging.XmlKeywordLogger</class>
  <method>endKeyword</method>
  <thread>1</thread>
  <message>End action : appPath = relativeToAbsolutePath(apkname, getProjectDir())</message>
  <nestedLevel>1</nestedLevel>
</record>
<record>
  <date>2019-06-29T11:52:16</date>
  <millis>1561783936790</millis>
  <sequence>26</sequence>
  <level>START</level>
  <class>com.kms.katalon.core.logging.XmlKeywordLogger</class>
  <method>startKeyword</method>
  <thread>1</thread>
  <message>Start action : startApplication(appPath, false)</message>
  <nestedLevel>1</nestedLevel>
  <property name="startLine">21</property>
  <property name="stepIndex">2</property>
</record>
<record>
  <date>2019-06-29T11:52:28</date>
  <millis>1561783948456</millis>
  <sequence>28</sequence>
  <level>INFO</level>
  <class>com.kms.katalon.core.logging.XmlKeywordLogger</class>
  <method>logMessage</method>
  <thread>1</thread>
  <message>Appium server started on port 59,160</message>
  <nestedLevel>2</nestedLevel>
</record>
<record>
  <date>2019-06-29T11:53:08</date>
  <millis>1561783988512</millis>
  <sequence>30</sequence>
  <level>RUN_DATA</level>
  <class>com.kms.katalon.core.logging.XmlKeywordLogger</class>
  <method>logMessage</method>
  <thread>1</thread>
  <message>appiumVersion = 1.8.1</message>
  <nestedLevel>2</nestedLevel>
  <property name="appiumVersion">1.8.1</property>
</record>
<record>
  <date>2019-06-29T11:53:08</date>
  <millis>1561783988567</millis>
  <sequence>31</sequence>
  <level>RUN_DATA</level>
  <class>com.kms.katalon.core.logging.XmlKeywordLogger</class>
  <method>logMessage</method>
  <thread>1</thread>
  <message>deviceId = 32009eef4a1fc583</message>
  <nestedLevel>2</nestedLevel>
  <property name="deviceId">32009eef4a1fc583</property>
</record>
<record>
  <date>2019-06-29T11:53:08</date>
  <millis>1561783988568</millis>
  <sequence>32</sequence>
  <level>RUN_DATA</level>
  <class>com.kms.katalon.core.logging.XmlKeywordLogger</class>
  <method>logMessage</method>
  <thread>1</thread>
  <message>deviceName = samsung SM-A750GN (Android 8.0.0)</message>
  <nestedLevel>2</nestedLevel>
  <property name="deviceName">samsung SM-A750GN (Android 8.0.0)</property>
</record>
<record>
  <date>2019-06-29T11:53:08</date>
  <millis>1561783988570</millis>
  <sequence>33</sequence>
  <level>RUN_DATA</level>
  <class>com.kms.katalon.core.logging.XmlKeywordLogger</class>
  <method>logMessage</method>
  <thread>1</thread>
  <message>deviceModel = SM-A750GN</message>
  <nestedLevel>2</nestedLevel>
  <property name="deviceModel">SM-A750GN</property>
</record>
<record>
  <date>2019-06-29T11:53:08</date>
  <millis>1561783988570</millis>
  <sequence>34</sequence>
  <level>RUN_DATA</level>
  <class>com.kms.katalon.core.logging.XmlKeywordLogger</class>
  <method>logMessage</method>
  <thread>1</thread>
  <message>deviceManufacturer = samsung</message>
  <nestedLevel>2</nestedLevel>
  <property name="deviceManufacturer">samsung</property>
</record>
<record>
  <date>2019-06-29T11:53:08</date>
  <millis>1561783988570</millis>
  <sequence>35</sequence>
  <level>RUN_DATA</level>
  <class>com.kms.katalon.core.logging.XmlKeywordLogger</class>
  <method>logMessage</method>
  <thread>1</thread>
  <message>deviceOS = Android</message>
  <nestedLevel>2</nestedLevel>
  <property name="deviceOS">Android</property>
</record>
<record>
  <date>2019-06-29T11:53:08</date>
  <millis>1561783988570</millis>
  <sequence>36</sequence>
  <level>RUN_DATA</level>
  <class>com.kms.katalon.core.logging.XmlKeywordLogger</class>
  <method>logMessage</method>
  <thread>1</thread>
  <message>deviceOSVersion = 8.0.0</message>
  <nestedLevel>2</nestedLevel>
  <property name="deviceOSVersion">8.0.0</property>
</record>
<record>
  <date>2019-06-29T11:53:08</date>
  <millis>1561783988599</millis>
  <sequence>37</sequence>
  <level>PASSED</level>
  <class>com.kms.katalon.core.logging.XmlKeywordLogger</class>
  <method>logMessage</method>
  <thread>1</thread>
  <message>Started app at: &amp;apos;C:\\Users\\15421\\Katalon Studio\\accupdate4april\\accupdate4april\\AccWorld - tst env.apk&amp;apos;</message>
  <nestedLevel>2</nestedLevel>
</record>
<record>
  <date>2019-06-29T11:53:08</date>
  <millis>1561783988599</millis>
  <sequence>38</sequence>
  <level>END</level>
  <class>com.kms.katalon.core.logging.XmlKeywordLogger</class>
  <method>endKeyword</method>
  <thread>1</thread>
  <message>End action : startApplication(appPath, false)</message>
  <nestedLevel>1</nestedLevel>
</record>
<record>
  <date>2019-06-29T11:53:08</date>
  <millis>1561783988599</millis>
  <sequence>39</sequence>
  <level>START</level>
  <class>com.kms.katalon.core.logging.XmlKeywordLogger</class>
  <method>startKeyword</method>
  <thread>1</thread>
  <message>Start action : waitForElementPresent(findTestObject(\&amp;quot;BottomMenu/MenuBawah_BtnAkun\&amp;quot;), 30)</message>
  <nestedLevel>1</nestedLevel>
  <property name="startLine">23</property>
  <property name="stepIndex">3</property>
</record>
<record>
  <date>2019-06-29T11:53:19</date>
  <millis>1561783999083</millis>
  <sequence>43</sequence>
  <level>PASSED</level>
  <class>com.kms.katalon.core.logging.XmlKeywordLogger</class>
  <method>logMessage</method>
  <thread>1</thread>
  <message>Element &amp;apos;Object Repository/BottomMenu/MenuBawah_BtnAkun&amp;apos; is present</message>
  <nestedLevel>2</nestedLevel>
</record>
<record>
  <date>2019-06-29T11:53:19</date>
  <millis>1561783999083</millis>
  <sequence>44</sequence>
  <level>END</level>
  <class>com.kms.katalon.core.logging.XmlKeywordLogger</class>
  <method>endKeyword</method>
  <thread>1</thread>
  <message>End action : waitForElementPresent(findTestObject(\&amp;quot;BottomMenu/MenuBawah_BtnAkun\&amp;quot;), 30)</message>
  <nestedLevel>1</nestedLevel>
</record>
<record>
  <date>2019-06-29T11:53:19</date>
  <millis>1561783999084</millis>
  <sequence>45</sequence>
  <level>START</level>
  <class>com.kms.katalon.core.logging.XmlKeywordLogger</class>
  <method>startKeyword</method>
  <thread>1</thread>
  <message>Start action : tap(findTestObject(\&amp;quot;Dashboard/Dashboard_BtnCloseBanner\&amp;quot;), 5, OPTIONAL)</message>
  <nestedLevel>1</nestedLevel>
  <property name="startLine">25</property>
  <property name="stepIndex">4</property>
</record>
<record>
  <date>2019-06-29T11:53:27</date>
  <millis>1561784007975</millis>
  <sequence>49</sequence>
  <level>WARNING</level>
  <class>com.kms.katalon.core.logging.XmlKeywordLogger</class>
  <method>logMessage</method>
  <thread>1</thread>
  <message>Object Object Repository/Dashboard/Dashboard_BtnCloseBanner not found</message>
  <nestedLevel>2</nestedLevel>
  <property name="attachment">1561784004133.png</property>
</record>
<record>
  <date>2019-06-29T11:53:27</date>
  <millis>1561784007976</millis>
  <sequence>50</sequence>
  <level>END</level>
  <class>com.kms.katalon.core.logging.XmlKeywordLogger</class>
  <method>endKeyword</method>
  <thread>1</thread>
  <message>End action : tap(findTestObject(\&amp;quot;Dashboard/Dashboard_BtnCloseBanner\&amp;quot;), 5, OPTIONAL)</message>
  <nestedLevel>1</nestedLevel>
</record>
<record>
  <date>2019-06-29T11:53:27</date>
  <millis>1561784007977</millis>
  <sequence>51</sequence>
  <level>START</level>
  <class>com.kms.katalon.core.logging.XmlKeywordLogger</class>
  <method>startKeyword</method>
  <thread>1</thread>
  <message>Start action : tap(findTestObject(\&amp;quot;BottomMenu/MenuBawah_BtnAkun\&amp;quot;), 0)</message>
  <nestedLevel>1</nestedLevel>
  <property name="startLine">27</property>
  <property name="stepIndex">5</property>
</record>
<record>
  <date>2019-06-29T11:53:27</date>
  <millis>1561784007991</millis>
  <sequence>55</sequence>
  <level>WARNING</level>
  <class>com.kms.katalon.core.logging.XmlKeywordLogger</class>
  <method>logMessage</method>
  <thread>1</thread>
  <message>Timeout &amp;apos;0&amp;apos; is invalid. Using default page load timeout: &amp;apos;30&amp;apos;</message>
  <nestedLevel>2</nestedLevel>
</record>
<record>
  <date>2019-06-29T11:53:30</date>
  <millis>1561784010018</millis>
  <sequence>56</sequence>
  <level>PASSED</level>
  <class>com.kms.katalon.core.logging.XmlKeywordLogger</class>
  <method>logMessage</method>
  <thread>1</thread>
  <message>Tapped on element &amp;apos;Object Repository/BottomMenu/MenuBawah_BtnAkun&amp;apos;</message>
  <nestedLevel>2</nestedLevel>
</record>
<record>
  <date>2019-06-29T11:53:30</date>
  <millis>1561784010019</millis>
  <sequence>57</sequence>
  <level>END</level>
  <class>com.kms.katalon.core.logging.XmlKeywordLogger</class>
  <method>endKeyword</method>
  <thread>1</thread>
  <message>End action : tap(findTestObject(\&amp;quot;BottomMenu/MenuBawah_BtnAkun\&amp;quot;), 0)</message>
  <nestedLevel>1</nestedLevel>
</record>
<record>
  <date>2019-06-29T11:53:30</date>
  <millis>1561784010019</millis>
  <sequence>58</sequence>
  <level>START</level>
  <class>com.kms.katalon.core.logging.XmlKeywordLogger</class>
  <method>startKeyword</method>
  <thread>1</thread>
  <message>Start action : tap(findTestObject(\&amp;quot;BottomMenu/MenuBawah_BtnHome\&amp;quot;), 0)</message>
  <nestedLevel>1</nestedLevel>
  <property name="startLine">29</property>
  <property name="stepIndex">6</property>
</record>
<record>
  <date>2019-06-29T11:53:30</date>
  <millis>1561784010031</millis>
  <sequence>62</sequence>
  <level>WARNING</level>
  <class>com.kms.katalon.core.logging.XmlKeywordLogger</class>
  <method>logMessage</method>
  <thread>1</thread>
  <message>Timeout &amp;apos;0&amp;apos; is invalid. Using default page load timeout: &amp;apos;30&amp;apos;</message>
  <nestedLevel>2</nestedLevel>
</record>
<record>
  <date>2019-06-29T11:53:32</date>
  <millis>1561784012345</millis>
  <sequence>63</sequence>
  <level>PASSED</level>
  <class>com.kms.katalon.core.logging.XmlKeywordLogger</class>
  <method>logMessage</method>
  <thread>1</thread>
  <message>Tapped on element &amp;apos;Object Repository/BottomMenu/MenuBawah_BtnHome&amp;apos;</message>
  <nestedLevel>2</nestedLevel>
</record>
<record>
  <date>2019-06-29T11:53:32</date>
  <millis>1561784012347</millis>
  <sequence>64</sequence>
  <level>END</level>
  <class>com.kms.katalon.core.logging.XmlKeywordLogger</class>
  <method>endKeyword</method>
  <thread>1</thread>
  <message>End action : tap(findTestObject(\&amp;quot;BottomMenu/MenuBawah_BtnHome\&amp;quot;), 0)</message>
  <nestedLevel>1</nestedLevel>
</record>
<record>
  <date>2019-06-29T11:53:32</date>
  <millis>1561784012348</millis>
  <sequence>65</sequence>
  <level>PASSED</level>
  <class>com.kms.katalon.core.logging.XmlKeywordLogger</class>
  <method>logMessage</method>
  <thread>1</thread>
  <message>Test Cases/Open application</message>
  <nestedLevel>2</nestedLevel>
</record>
<record>
  <date>2019-06-29T11:53:32</date>
  <millis>1561784012349</millis>
  <sequence>66</sequence>
  <level>END</level>
  <class>com.kms.katalon.core.logging.XmlKeywordLogger</class>
  <method>endTest</method>
  <thread>1</thread>
  <message>End Test Case : Test Cases/Open application</message>
  <nestedLevel>1</nestedLevel>
</record>
<record>
  <date>2019-06-29T11:53:32</date>
  <millis>1561784012356</millis>
  <sequence>67</sequence>
  <level>PASSED</level>
  <class>com.kms.katalon.core.logging.XmlKeywordLogger</class>
  <method>logMessage</method>
  <thread>1</thread>
  <message>Call Test Case &amp;apos;Test Cases/Open application&amp;apos; successfully</message>
  <nestedLevel>1</nestedLevel>
</record>
<record>
  <date>2019-06-29T11:53:32</date>
  <millis>1561784012356</millis>
  <sequence>68</sequence>
  <level>END</level>
  <class>com.kms.katalon.core.logging.XmlKeywordLogger</class>
  <method>endKeyword</method>
  <thread>1</thread>
  <message>End action : callTestCase(findTestCase(\&amp;quot;Open application\&amp;quot;), [:], STOP_ON_FAILURE)</message>
  <nestedLevel>1</nestedLevel>
</record>
<record>
  <date>2019-06-29T11:53:32</date>
  <millis>1561784012356</millis>
  <sequence>69</sequence>
  <level>START</level>
  <class>com.kms.katalon.core.logging.XmlKeywordLogger</class>
  <method>startKeyword</method>
  <thread>1</thread>
  <message>Start action : callTestCase(findTestCase(\&amp;quot;Dashboard/Cari Mobil/Mobil Baru/Non Paket/master flow/Mobil baru - open menu - MASTER FLOW\&amp;quot;), [:], STOP_ON_FAILURE)</message>
  <nestedLevel>1</nestedLevel>
  <property name="startLine">20</property>
  <property name="stepIndex">2</property>
</record>
<record>
  <date>2019-06-29T11:53:32</date>
  <millis>1561784012433</millis>
  <sequence>72</sequence>
  <level>START</level>
  <class>com.kms.katalon.core.logging.XmlKeywordLogger</class>
  <method>startTest</method>
  <thread>1</thread>
  <message>Start Test Case : Test Cases/Dashboard/Cari Mobil/Mobil Baru/Non Paket/master flow/Mobil baru - open menu - MASTER FLOW</message>
  <nestedLevel>2</nestedLevel>
  <property name="name">Test Cases/Dashboard/Cari Mobil/Mobil Baru/Non Paket/master flow/Mobil baru - open menu - MASTER FLOW</property>
  <property name="description"></property>
  <property name="id">Test Cases/Dashboard/Cari Mobil/Mobil Baru/Non Paket/master flow/Mobil baru - open menu - MASTER FLOW</property>
  <property name="source">C:\\Users\\15421\\Katalon Studio\\accupdate4april\\accupdate4april\\Test Cases\\Dashboard\\Cari Mobil\\Mobil Baru\\Non Paket\\master flow\\Mobil baru - open menu - MASTER FLOW.tc</property>
  <property name="tag"></property>
  <property name="isOptional">false</property>
</record>
<record>
  <date>2019-06-29T11:53:32</date>
  <millis>1561784012846</millis>
  <sequence>74</sequence>
  <level>START</level>
  <class>com.kms.katalon.core.logging.XmlKeywordLogger</class>
  <method>startKeyword</method>
  <thread>1</thread>
  <message>Start action : waitForElementPresent(findTestObject(\&amp;quot;Dashboard/Dashboard_BtnCariMobil\&amp;quot;), 30, CONTINUE_ON_FAILURE)</message>
  <nestedLevel>1</nestedLevel>
  <property name="startLine">16</property>
  <property name="stepIndex">1</property>
</record>
<record>
  <date>2019-06-29T11:53:33</date>
  <millis>1561784013892</millis>
  <sequence>78</sequence>
  <level>PASSED</level>
  <class>com.kms.katalon.core.logging.XmlKeywordLogger</class>
  <method>logMessage</method>
  <thread>1</thread>
  <message>Element &amp;apos;Object Repository/Dashboard/Dashboard_BtnCariMobil&amp;apos; is present</message>
  <nestedLevel>2</nestedLevel>
</record>
<record>
  <date>2019-06-29T11:53:33</date>
  <millis>1561784013893</millis>
  <sequence>79</sequence>
  <level>END</level>
  <class>com.kms.katalon.core.logging.XmlKeywordLogger</class>
  <method>endKeyword</method>
  <thread>1</thread>
  <message>End action : waitForElementPresent(findTestObject(\&amp;quot;Dashboard/Dashboard_BtnCariMobil\&amp;quot;), 30, CONTINUE_ON_FAILURE)</message>
  <nestedLevel>1</nestedLevel>
</record>
<record>
  <date>2019-06-29T11:53:33</date>
  <millis>1561784013893</millis>
  <sequence>80</sequence>
  <level>START</level>
  <class>com.kms.katalon.core.logging.XmlKeywordLogger</class>
  <method>startKeyword</method>
  <thread>1</thread>
  <message>Start action : delay(2, STOP_ON_FAILURE)</message>
  <nestedLevel>1</nestedLevel>
  <property name="startLine">18</property>
  <property name="stepIndex">2</property>
</record>
<record>
  <date>2019-06-29T11:53:35</date>
  <millis>1561784015900</millis>
  <sequence>82</sequence>
  <level>PASSED</level>
  <class>com.kms.katalon.core.logging.XmlKeywordLogger</class>
  <method>logMessage</method>
  <thread>1</thread>
  <message>Delayed 2 second(s)</message>
  <nestedLevel>2</nestedLevel>
</record>
<record>
  <date>2019-06-29T11:53:35</date>
  <millis>1561784015901</millis>
  <sequence>83</sequence>
  <level>END</level>
  <class>com.kms.katalon.core.logging.XmlKeywordLogger</class>
  <method>endKeyword</method>
  <thread>1</thread>
  <message>End action : delay(2, STOP_ON_FAILURE)</message>
  <nestedLevel>1</nestedLevel>
</record>
<record>
  <date>2019-06-29T11:53:35</date>
  <millis>1561784015903</millis>
  <sequence>84</sequence>
  <level>START</level>
  <class>com.kms.katalon.core.logging.XmlKeywordLogger</class>
  <method>startKeyword</method>
  <thread>1</thread>
  <message>Start action : tap(findTestObject(\&amp;quot;Dashboard/Dashboard_BtnCariMobil\&amp;quot;), 0)</message>
  <nestedLevel>1</nestedLevel>
  <property name="startLine">20</property>
  <property name="stepIndex">3</property>
</record>
<record>
  <date>2019-06-29T11:53:35</date>
  <millis>1561784015928</millis>
  <sequence>88</sequence>
  <level>WARNING</level>
  <class>com.kms.katalon.core.logging.XmlKeywordLogger</class>
  <method>logMessage</method>
  <thread>1</thread>
  <message>Timeout &amp;apos;0&amp;apos; is invalid. Using default page load timeout: &amp;apos;30&amp;apos;</message>
  <nestedLevel>2</nestedLevel>
</record>
<record>
  <date>2019-06-29T11:53:38</date>
  <millis>1561784018066</millis>
  <sequence>89</sequence>
  <level>PASSED</level>
  <class>com.kms.katalon.core.logging.XmlKeywordLogger</class>
  <method>logMessage</method>
  <thread>1</thread>
  <message>Tapped on element &amp;apos;Object Repository/Dashboard/Dashboard_BtnCariMobil&amp;apos;</message>
  <nestedLevel>2</nestedLevel>
</record>
<record>
  <date>2019-06-29T11:53:38</date>
  <millis>1561784018067</millis>
  <sequence>90</sequence>
  <level>END</level>
  <class>com.kms.katalon.core.logging.XmlKeywordLogger</class>
  <method>endKeyword</method>
  <thread>1</thread>
  <message>End action : tap(findTestObject(\&amp;quot;Dashboard/Dashboard_BtnCariMobil\&amp;quot;), 0)</message>
  <nestedLevel>1</nestedLevel>
</record>
<record>
  <date>2019-06-29T11:53:38</date>
  <millis>1561784018067</millis>
  <sequence>91</sequence>
  <level>START</level>
  <class>com.kms.katalon.core.logging.XmlKeywordLogger</class>
  <method>startKeyword</method>
  <thread>1</thread>
  <message>Start action : tap(findTestObject(\&amp;quot;Dashboard/Cari Mobil/Mobil Baru - non paket/MobilBaru_BtnMobilBaru\&amp;quot;), 0)</message>
  <nestedLevel>1</nestedLevel>
  <property name="startLine">22</property>
  <property name="stepIndex">4</property>
</record>
<record>
  <date>2019-06-29T11:53:38</date>
  <millis>1561784018075</millis>
  <sequence>95</sequence>
  <level>WARNING</level>
  <class>com.kms.katalon.core.logging.XmlKeywordLogger</class>
  <method>logMessage</method>
  <thread>1</thread>
  <message>Timeout &amp;apos;0&amp;apos; is invalid. Using default page load timeout: &amp;apos;30&amp;apos;</message>
  <nestedLevel>2</nestedLevel>
</record>
<record>
  <date>2019-06-29T11:53:40</date>
  <millis>1561784020094</millis>
  <sequence>96</sequence>
  <level>PASSED</level>
  <class>com.kms.katalon.core.logging.XmlKeywordLogger</class>
  <method>logMessage</method>
  <thread>1</thread>
  <message>Tapped on element &amp;apos;Object Repository/Dashboard/Cari Mobil/Mobil Baru - non paket/MobilBaru_BtnMobilBaru&amp;apos;</message>
  <nestedLevel>2</nestedLevel>
</record>
<record>
  <date>2019-06-29T11:53:40</date>
  <millis>1561784020095</millis>
  <sequence>97</sequence>
  <level>END</level>
  <class>com.kms.katalon.core.logging.XmlKeywordLogger</class>
  <method>endKeyword</method>
  <thread>1</thread>
  <message>End action : tap(findTestObject(\&amp;quot;Dashboard/Cari Mobil/Mobil Baru - non paket/MobilBaru_BtnMobilBaru\&amp;quot;), 0)</message>
  <nestedLevel>1</nestedLevel>
</record>
<record>
  <date>2019-06-29T11:53:40</date>
  <millis>1561784020097</millis>
  <sequence>98</sequence>
  <level>START</level>
  <class>com.kms.katalon.core.logging.XmlKeywordLogger</class>
  <method>startKeyword</method>
  <thread>1</thread>
  <message>Start action : tap(findTestObject(\&amp;quot;Dashboard/Cari Mobil/Mobil Baru - non paket/CariMobil_BtnNonPaket\&amp;quot;), 0)</message>
  <nestedLevel>1</nestedLevel>
  <property name="startLine">24</property>
  <property name="stepIndex">5</property>
</record>
<record>
  <date>2019-06-29T11:53:40</date>
  <millis>1561784020113</millis>
  <sequence>102</sequence>
  <level>WARNING</level>
  <class>com.kms.katalon.core.logging.XmlKeywordLogger</class>
  <method>logMessage</method>
  <thread>1</thread>
  <message>Timeout &amp;apos;0&amp;apos; is invalid. Using default page load timeout: &amp;apos;30&amp;apos;</message>
  <nestedLevel>2</nestedLevel>
</record>
<record>
  <date>2019-06-29T11:53:42</date>
  <millis>1561784022727</millis>
  <sequence>103</sequence>
  <level>PASSED</level>
  <class>com.kms.katalon.core.logging.XmlKeywordLogger</class>
  <method>logMessage</method>
  <thread>1</thread>
  <message>Tapped on element &amp;apos;Object Repository/Dashboard/Cari Mobil/Mobil Baru - non paket/CariMobil_BtnNonPaket&amp;apos;</message>
  <nestedLevel>2</nestedLevel>
</record>
<record>
  <date>2019-06-29T11:53:42</date>
  <millis>1561784022728</millis>
  <sequence>104</sequence>
  <level>END</level>
  <class>com.kms.katalon.core.logging.XmlKeywordLogger</class>
  <method>endKeyword</method>
  <thread>1</thread>
  <message>End action : tap(findTestObject(\&amp;quot;Dashboard/Cari Mobil/Mobil Baru - non paket/CariMobil_BtnNonPaket\&amp;quot;), 0)</message>
  <nestedLevel>1</nestedLevel>
</record>
<record>
  <date>2019-06-29T11:53:42</date>
  <millis>1561784022728</millis>
  <sequence>105</sequence>
  <level>PASSED</level>
  <class>com.kms.katalon.core.logging.XmlKeywordLogger</class>
  <method>logMessage</method>
  <thread>1</thread>
  <message>Test Cases/Dashboard/Cari Mobil/Mobil Baru/Non Paket/master flow/Mobil baru - open menu - MASTER FLOW</message>
  <nestedLevel>2</nestedLevel>
</record>
<record>
  <date>2019-06-29T11:53:42</date>
  <millis>1561784022729</millis>
  <sequence>106</sequence>
  <level>END</level>
  <class>com.kms.katalon.core.logging.XmlKeywordLogger</class>
  <method>endTest</method>
  <thread>1</thread>
  <message>End Test Case : Test Cases/Dashboard/Cari Mobil/Mobil Baru/Non Paket/master flow/Mobil baru - open menu - MASTER FLOW</message>
  <nestedLevel>1</nestedLevel>
</record>
<record>
  <date>2019-06-29T11:53:42</date>
  <millis>1561784022730</millis>
  <sequence>107</sequence>
  <level>PASSED</level>
  <class>com.kms.katalon.core.logging.XmlKeywordLogger</class>
  <method>logMessage</method>
  <thread>1</thread>
  <message>Call Test Case &amp;apos;Test Cases/Dashboard/Cari Mobil/Mobil Baru/Non Paket/master flow/Mobil baru - open menu - MASTER FLOW&amp;apos; successfully</message>
  <nestedLevel>1</nestedLevel>
</record>
<record>
  <date>2019-06-29T11:53:42</date>
  <millis>1561784022731</millis>
  <sequence>108</sequence>
  <level>END</level>
  <class>com.kms.katalon.core.logging.XmlKeywordLogger</class>
  <method>endKeyword</method>
  <thread>1</thread>
  <message>End action : callTestCase(findTestCase(\&amp;quot;Dashboard/Cari Mobil/Mobil Baru/Non Paket/master flow/Mobil baru - open menu - MASTER FLOW\&amp;quot;), [:], STOP_ON_FAILURE)</message>
  <nestedLevel>1</nestedLevel>
</record>
<record>
  <date>2019-06-29T11:53:42</date>
  <millis>1561784022731</millis>
  <sequence>109</sequence>
  <level>START</level>
  <class>com.kms.katalon.core.logging.XmlKeywordLogger</class>
  <method>startKeyword</method>
  <thread>1</thread>
  <message>Start action : callTestCase(findTestCase(\&amp;quot;Dashboard/Cari Mobil/Mobil Baru/Non Paket/master flow/Mobil Baru - MASTER FLOW\&amp;quot;), [\&amp;quot;varAreaPengajuan\&amp;quot;:varAreaPengajuan, \&amp;quot;varCabang\&amp;quot;:varCabang, \&amp;quot;varBrand\&amp;quot;:varBrand, \&amp;quot;varType\&amp;quot;:varType, \&amp;quot;varModel\&amp;quot;:varModel, \&amp;quot;varTahun\&amp;quot;:varTahun, ... ], STOP_ON_FAILURE)</message>
  <nestedLevel>1</nestedLevel>
  <property name="startLine">23</property>
  <property name="stepIndex">3</property>
</record>
<record>
  <date>2019-06-29T11:53:42</date>
  <millis>1561784022792</millis>
  <sequence>112</sequence>
  <level>START</level>
  <class>com.kms.katalon.core.logging.XmlKeywordLogger</class>
  <method>startTest</method>
  <thread>1</thread>
  <message>Start Test Case : Test Cases/Dashboard/Cari Mobil/Mobil Baru/Non Paket/master flow/Mobil Baru - MASTER FLOW</message>
  <nestedLevel>2</nestedLevel>
  <property name="name">Test Cases/Dashboard/Cari Mobil/Mobil Baru/Non Paket/master flow/Mobil Baru - MASTER FLOW</property>
  <property name="description"></property>
  <property name="id">Test Cases/Dashboard/Cari Mobil/Mobil Baru/Non Paket/master flow/Mobil Baru - MASTER FLOW</property>
  <property name="source">C:\\Users\\15421\\Katalon Studio\\accupdate4april\\accupdate4april\\Test Cases\\Dashboard\\Cari Mobil\\Mobil Baru\\Non Paket\\master flow\\Mobil Baru - MASTER FLOW.tc</property>
  <property name="tag"></property>
  <property name="isOptional">false</property>
</record>
<record>
  <date>2019-06-29T11:53:42</date>
  <millis>1561784022824</millis>
  <sequence>114</sequence>
  <level>INFO</level>
  <class>com.kms.katalon.core.logging.XmlKeywordLogger</class>
  <method>logMessage</method>
  <thread>1</thread>
  <message>varAreaPengajuan = DKI Jakarta, Banten, Jawa Barat</message>
  <nestedLevel>2</nestedLevel>
</record>
<record>
  <date>2019-06-29T11:53:42</date>
  <millis>1561784022824</millis>
  <sequence>115</sequence>
  <level>INFO</level>
  <class>com.kms.katalon.core.logging.XmlKeywordLogger</class>
  <method>logMessage</method>
  <thread>1</thread>
  <message>varCabang = FATMAWATI</message>
  <nestedLevel>2</nestedLevel>
</record>
<record>
  <date>2019-06-29T11:53:42</date>
  <millis>1561784022824</millis>
  <sequence>116</sequence>
  <level>INFO</level>
  <class>com.kms.katalon.core.logging.XmlKeywordLogger</class>
  <method>logMessage</method>
  <thread>1</thread>
  <message>varBrand = TOYOTA</message>
  <nestedLevel>2</nestedLevel>
</record>
<record>
  <date>2019-06-29T11:53:42</date>
  <millis>1561784022824</millis>
  <sequence>117</sequence>
  <level>INFO</level>
  <class>com.kms.katalon.core.logging.XmlKeywordLogger</class>
  <method>logMessage</method>
  <thread>1</thread>
  <message>varType =  </message>
  <nestedLevel>2</nestedLevel>
</record>
<record>
  <date>2019-06-29T11:53:42</date>
  <millis>1561784022824</millis>
  <sequence>118</sequence>
  <level>INFO</level>
  <class>com.kms.katalon.core.logging.XmlKeywordLogger</class>
  <method>logMessage</method>
  <thread>1</thread>
  <message>varModel =  </message>
  <nestedLevel>2</nestedLevel>
</record>
<record>
  <date>2019-06-29T11:53:42</date>
  <millis>1561784022824</millis>
  <sequence>119</sequence>
  <level>INFO</level>
  <class>com.kms.katalon.core.logging.XmlKeywordLogger</class>
  <method>logMessage</method>
  <thread>1</thread>
  <message>varTahun = 2019</message>
  <nestedLevel>2</nestedLevel>
</record>
<record>
  <date>2019-06-29T11:53:42</date>
  <millis>1561784022824</millis>
  <sequence>120</sequence>
  <level>INFO</level>
  <class>com.kms.katalon.core.logging.XmlKeywordLogger</class>
  <method>logMessage</method>
  <thread>1</thread>
  <message>varOTR = 150000000</message>
  <nestedLevel>2</nestedLevel>
</record>
<record>
  <date>2019-06-29T11:53:42</date>
  <millis>1561784022824</millis>
  <sequence>121</sequence>
  <level>INFO</level>
  <class>com.kms.katalon.core.logging.XmlKeywordLogger</class>
  <method>logMessage</method>
  <thread>1</thread>
  <message>varPeriode = 60</message>
  <nestedLevel>2</nestedLevel>
</record>
<record>
  <date>2019-06-29T11:53:42</date>
  <millis>1561784022824</millis>
  <sequence>122</sequence>
  <level>INFO</level>
  <class>com.kms.katalon.core.logging.XmlKeywordLogger</class>
  <method>logMessage</method>
  <thread>1</thread>
  <message>varUangMuka = 50</message>
  <nestedLevel>2</nestedLevel>
</record>
<record>
  <date>2019-06-29T11:53:42</date>
  <millis>1561784022824</millis>
  <sequence>123</sequence>
  <level>INFO</level>
  <class>com.kms.katalon.core.logging.XmlKeywordLogger</class>
  <method>logMessage</method>
  <thread>1</thread>
  <message>varAsuransi = TUNAI</message>
  <nestedLevel>2</nestedLevel>
</record>
<record>
  <date>2019-06-29T11:53:42</date>
  <millis>1561784022839</millis>
  <sequence>124</sequence>
  <level>INFO</level>
  <class>com.kms.katalon.core.logging.XmlKeywordLogger</class>
  <method>logMessage</method>
  <thread>1</thread>
  <message>varACP = Y</message>
  <nestedLevel>2</nestedLevel>
</record>
<record>
  <date>2019-06-29T11:53:42</date>
  <millis>1561784022839</millis>
  <sequence>125</sequence>
  <level>INFO</level>
  <class>com.kms.katalon.core.logging.XmlKeywordLogger</class>
  <method>logMessage</method>
  <thread>1</thread>
  <message>varExpectedResult = DISABLEDBUTTON</message>
  <nestedLevel>2</nestedLevel>
</record>
<record>
  <date>2019-06-29T11:53:43</date>
  <millis>1561784023478</millis>
  <sequence>126</sequence>
  <level>START</level>
  <class>com.kms.katalon.core.logging.XmlKeywordLogger</class>
  <method>startKeyword</method>
  <thread>1</thread>
  <message>Start action : waitForElementPresent(findTestObject(\&amp;quot;Dashboard/Cari Mobil/Mobil Baru - non paket/MobilBaru_InpAreaPengajuan\&amp;quot;), 0)</message>
  <nestedLevel>1</nestedLevel>
  <property name="startLine">18</property>
  <property name="stepIndex">1</property>
</record>
<record>
  <date>2019-06-29T11:53:43</date>
  <millis>1561784023480</millis>
  <sequence>130</sequence>
  <level>WARNING</level>
  <class>com.kms.katalon.core.logging.XmlKeywordLogger</class>
  <method>logMessage</method>
  <thread>1</thread>
  <message>Timeout &amp;apos;0&amp;apos; is invalid. Using default page load timeout: &amp;apos;30&amp;apos;</message>
  <nestedLevel>2</nestedLevel>
</record>
<record>
  <date>2019-06-29T11:53:44</date>
  <millis>1561784024063</millis>
  <sequence>131</sequence>
  <level>PASSED</level>
  <class>com.kms.katalon.core.logging.XmlKeywordLogger</class>
  <method>logMessage</method>
  <thread>1</thread>
  <message>Element &amp;apos;Object Repository/Dashboard/Cari Mobil/Mobil Baru - non paket/MobilBaru_InpAreaPengajuan&amp;apos; is present</message>
  <nestedLevel>2</nestedLevel>
</record>
<record>
  <date>2019-06-29T11:53:44</date>
  <millis>1561784024064</millis>
  <sequence>132</sequence>
  <level>END</level>
  <class>com.kms.katalon.core.logging.XmlKeywordLogger</class>
  <method>endKeyword</method>
  <thread>1</thread>
  <message>End action : waitForElementPresent(findTestObject(\&amp;quot;Dashboard/Cari Mobil/Mobil Baru - non paket/MobilBaru_InpAreaPengajuan\&amp;quot;), 0)</message>
  <nestedLevel>1</nestedLevel>
</record>
<record>
  <date>2019-06-29T11:53:44</date>
  <millis>1561784024065</millis>
  <sequence>133</sequence>
  <level>START</level>
  <class>com.kms.katalon.core.logging.XmlKeywordLogger</class>
  <method>startKeyword</method>
  <thread>1</thread>
  <message>Start action : setText(findTestObject(\&amp;quot;Dashboard/Cari Mobil/Mobil Baru - non paket/MobilBaru_InpAreaPengajuan\&amp;quot;), varAreaPengajuan, 7, OPTIONAL)</message>
  <nestedLevel>1</nestedLevel>
  <property name="startLine">20</property>
  <property name="stepIndex">2</property>
</record>
<record>
  <date>2019-06-29T11:53:44</date>
  <millis>1561784024949</millis>
  <sequence>137</sequence>
  <level>PASSED</level>
  <class>com.kms.katalon.core.logging.XmlKeywordLogger</class>
  <method>logMessage</method>
  <thread>1</thread>
  <message>Text &amp;apos;DKI Jakarta, Banten, Jawa Barat&amp;apos; has been set to element &amp;apos;Object Repository/Dashboard/Cari Mobil/Mobil Baru - non paket/MobilBaru_InpAreaPengajuan&amp;apos;</message>
  <nestedLevel>2</nestedLevel>
</record>
<record>
  <date>2019-06-29T11:53:44</date>
  <millis>1561784024950</millis>
  <sequence>138</sequence>
  <level>END</level>
  <class>com.kms.katalon.core.logging.XmlKeywordLogger</class>
  <method>endKeyword</method>
  <thread>1</thread>
  <message>End action : setText(findTestObject(\&amp;quot;Dashboard/Cari Mobil/Mobil Baru - non paket/MobilBaru_InpAreaPengajuan\&amp;quot;), varAreaPengajuan, 7, OPTIONAL)</message>
  <nestedLevel>1</nestedLevel>
</record>
<record>
  <date>2019-06-29T11:53:44</date>
  <millis>1561784024950</millis>
  <sequence>139</sequence>
  <level>START</level>
  <class>com.kms.katalon.core.logging.XmlKeywordLogger</class>
  <method>startKeyword</method>
  <thread>1</thread>
  <message>Start action : tap(findTestObject(\&amp;quot;Dashboard/Cari Mobil/Mobil Baru - non paket/MobilBaru_InpAreaPengajuan\&amp;quot;), 7, OPTIONAL)</message>
  <nestedLevel>1</nestedLevel>
  <property name="startLine">23</property>
  <property name="stepIndex">3</property>
</record>
<record>
  <date>2019-06-29T11:53:47</date>
  <millis>1561784027533</millis>
  <sequence>143</sequence>
  <level>PASSED</level>
  <class>com.kms.katalon.core.logging.XmlKeywordLogger</class>
  <method>logMessage</method>
  <thread>1</thread>
  <message>Tapped on element &amp;apos;Object Repository/Dashboard/Cari Mobil/Mobil Baru - non paket/MobilBaru_InpAreaPengajuan&amp;apos;</message>
  <nestedLevel>2</nestedLevel>
</record>
<record>
  <date>2019-06-29T11:53:47</date>
  <millis>1561784027534</millis>
  <sequence>144</sequence>
  <level>END</level>
  <class>com.kms.katalon.core.logging.XmlKeywordLogger</class>
  <method>endKeyword</method>
  <thread>1</thread>
  <message>End action : tap(findTestObject(\&amp;quot;Dashboard/Cari Mobil/Mobil Baru - non paket/MobilBaru_InpAreaPengajuan\&amp;quot;), 7, OPTIONAL)</message>
  <nestedLevel>1</nestedLevel>
</record>
<record>
  <date>2019-06-29T11:53:47</date>
  <millis>1561784027535</millis>
  <sequence>145</sequence>
  <level>START</level>
  <class>com.kms.katalon.core.logging.XmlKeywordLogger</class>
  <method>startKeyword</method>
  <thread>1</thread>
  <message>Start action : tap(findTestObject(\&amp;quot;Dashboard/Cari Mobil/Mobil Baru - non paket/MobilBaru_LOVAreaPengajuan\&amp;quot;), 7, OPTIONAL)</message>
  <nestedLevel>1</nestedLevel>
  <property name="startLine">25</property>
  <property name="stepIndex">4</property>
</record>
<record>
  <date>2019-06-29T11:53:49</date>
  <millis>1561784029568</millis>
  <sequence>149</sequence>
  <level>PASSED</level>
  <class>com.kms.katalon.core.logging.XmlKeywordLogger</class>
  <method>logMessage</method>
  <thread>1</thread>
  <message>Tapped on element &amp;apos;Object Repository/Dashboard/Cari Mobil/Mobil Baru - non paket/MobilBaru_LOVAreaPengajuan&amp;apos;</message>
  <nestedLevel>2</nestedLevel>
</record>
<record>
  <date>2019-06-29T11:53:49</date>
  <millis>1561784029569</millis>
  <sequence>150</sequence>
  <level>END</level>
  <class>com.kms.katalon.core.logging.XmlKeywordLogger</class>
  <method>endKeyword</method>
  <thread>1</thread>
  <message>End action : tap(findTestObject(\&amp;quot;Dashboard/Cari Mobil/Mobil Baru - non paket/MobilBaru_LOVAreaPengajuan\&amp;quot;), 7, OPTIONAL)</message>
  <nestedLevel>1</nestedLevel>
</record>
<record>
  <date>2019-06-29T11:53:49</date>
  <millis>1561784029570</millis>
  <sequence>151</sequence>
  <level>START</level>
  <class>com.kms.katalon.core.logging.XmlKeywordLogger</class>
  <method>startKeyword</method>
  <thread>1</thread>
  <message>Start action : setText(findTestObject(\&amp;quot;Dashboard/Cari Mobil/Mobil Baru - non paket/MobilBaru_InpCabangACC\&amp;quot;), varCabang, 7, OPTIONAL)</message>
  <nestedLevel>1</nestedLevel>
  <property name="startLine">27</property>
  <property name="stepIndex">5</property>
</record>
<record>
  <date>2019-06-29T11:53:51</date>
  <millis>1561784031582</millis>
  <sequence>155</sequence>
  <level>PASSED</level>
  <class>com.kms.katalon.core.logging.XmlKeywordLogger</class>
  <method>logMessage</method>
  <thread>1</thread>
  <message>Text &amp;apos;FATMAWATI&amp;apos; has been set to element &amp;apos;Object Repository/Dashboard/Cari Mobil/Mobil Baru - non paket/MobilBaru_InpCabangACC&amp;apos;</message>
  <nestedLevel>2</nestedLevel>
</record>
<record>
  <date>2019-06-29T11:53:51</date>
  <millis>1561784031583</millis>
  <sequence>156</sequence>
  <level>END</level>
  <class>com.kms.katalon.core.logging.XmlKeywordLogger</class>
  <method>endKeyword</method>
  <thread>1</thread>
  <message>End action : setText(findTestObject(\&amp;quot;Dashboard/Cari Mobil/Mobil Baru - non paket/MobilBaru_InpCabangACC\&amp;quot;), varCabang, 7, OPTIONAL)</message>
  <nestedLevel>1</nestedLevel>
</record>
<record>
  <date>2019-06-29T11:53:51</date>
  <millis>1561784031583</millis>
  <sequence>157</sequence>
  <level>START</level>
  <class>com.kms.katalon.core.logging.XmlKeywordLogger</class>
  <method>startKeyword</method>
  <thread>1</thread>
  <message>Start action : tap(findTestObject(\&amp;quot;Dashboard/Cari Mobil/Mobil Baru - non paket/MobilBaru_LOVCabang\&amp;quot;), 7, OPTIONAL)</message>
  <nestedLevel>1</nestedLevel>
  <property name="startLine">29</property>
  <property name="stepIndex">6</property>
</record>
<record>
  <date>2019-06-29T11:54:01</date>
  <millis>1561784041696</millis>
  <sequence>161</sequence>
  <level>WARNING</level>
  <class>com.kms.katalon.core.logging.XmlKeywordLogger</class>
  <method>logMessage</method>
  <thread>1</thread>
  <message>Object Object Repository/Dashboard/Cari Mobil/Mobil Baru - non paket/MobilBaru_LOVCabang not found</message>
  <nestedLevel>2</nestedLevel>
  <property name="attachment">1561784038636.png</property>
</record>
<record>
  <date>2019-06-29T11:54:01</date>
  <millis>1561784041697</millis>
  <sequence>162</sequence>
  <level>END</level>
  <class>com.kms.katalon.core.logging.XmlKeywordLogger</class>
  <method>endKeyword</method>
  <thread>1</thread>
  <message>End action : tap(findTestObject(\&amp;quot;Dashboard/Cari Mobil/Mobil Baru - non paket/MobilBaru_LOVCabang\&amp;quot;), 7, OPTIONAL)</message>
  <nestedLevel>1</nestedLevel>
</record>
<record>
  <date>2019-06-29T11:54:01</date>
  <millis>1561784041697</millis>
  <sequence>163</sequence>
  <level>START</level>
  <class>com.kms.katalon.core.logging.XmlKeywordLogger</class>
  <method>startKeyword</method>
  <thread>1</thread>
  <message>Start action : setText(findTestObject(\&amp;quot;Dashboard/Cari Mobil/Mobil Baru - non paket/MobilBaru_InpBrand\&amp;quot;), varBrand, 7, OPTIONAL)</message>
  <nestedLevel>1</nestedLevel>
  <property name="startLine">31</property>
  <property name="stepIndex">7</property>
</record>
<record>
  <date>2019-06-29T11:54:03</date>
  <millis>1561784043116</millis>
  <sequence>167</sequence>
  <level>PASSED</level>
  <class>com.kms.katalon.core.logging.XmlKeywordLogger</class>
  <method>logMessage</method>
  <thread>1</thread>
  <message>Text &amp;apos;TOYOTA&amp;apos; has been set to element &amp;apos;Object Repository/Dashboard/Cari Mobil/Mobil Baru - non paket/MobilBaru_InpBrand&amp;apos;</message>
  <nestedLevel>2</nestedLevel>
</record>
<record>
  <date>2019-06-29T11:54:03</date>
  <millis>1561784043116</millis>
  <sequence>168</sequence>
  <level>END</level>
  <class>com.kms.katalon.core.logging.XmlKeywordLogger</class>
  <method>endKeyword</method>
  <thread>1</thread>
  <message>End action : setText(findTestObject(\&amp;quot;Dashboard/Cari Mobil/Mobil Baru - non paket/MobilBaru_InpBrand\&amp;quot;), varBrand, 7, OPTIONAL)</message>
  <nestedLevel>1</nestedLevel>
</record>
<record>
  <date>2019-06-29T11:54:03</date>
  <millis>1561784043117</millis>
  <sequence>169</sequence>
  <level>START</level>
  <class>com.kms.katalon.core.logging.XmlKeywordLogger</class>
  <method>startKeyword</method>
  <thread>1</thread>
  <message>Start action : tap(findTestObject(\&amp;quot;Dashboard/Cari Mobil/Mobil Baru - non paket/MobilBaru_InpBrand\&amp;quot;), 7, OPTIONAL)</message>
  <nestedLevel>1</nestedLevel>
  <property name="startLine">33</property>
  <property name="stepIndex">8</property>
</record>
<record>
  <date>2019-06-29T11:54:05</date>
  <millis>1561784045729</millis>
  <sequence>173</sequence>
  <level>PASSED</level>
  <class>com.kms.katalon.core.logging.XmlKeywordLogger</class>
  <method>logMessage</method>
  <thread>1</thread>
  <message>Tapped on element &amp;apos;Object Repository/Dashboard/Cari Mobil/Mobil Baru - non paket/MobilBaru_InpBrand&amp;apos;</message>
  <nestedLevel>2</nestedLevel>
</record>
<record>
  <date>2019-06-29T11:54:05</date>
  <millis>1561784045729</millis>
  <sequence>174</sequence>
  <level>END</level>
  <class>com.kms.katalon.core.logging.XmlKeywordLogger</class>
  <method>endKeyword</method>
  <thread>1</thread>
  <message>End action : tap(findTestObject(\&amp;quot;Dashboard/Cari Mobil/Mobil Baru - non paket/MobilBaru_InpBrand\&amp;quot;), 7, OPTIONAL)</message>
  <nestedLevel>1</nestedLevel>
</record>
<record>
  <date>2019-06-29T11:54:05</date>
  <millis>1561784045730</millis>
  <sequence>175</sequence>
  <level>START</level>
  <class>com.kms.katalon.core.logging.XmlKeywordLogger</class>
  <method>startKeyword</method>
  <thread>1</thread>
  <message>Start action : tap(findTestObject(\&amp;quot;Dashboard/Cari Mobil/Mobil Baru - non paket/MobilBaru_LOVBrand\&amp;quot;), 7, OPTIONAL)</message>
  <nestedLevel>1</nestedLevel>
  <property name="startLine">35</property>
  <property name="stepIndex">9</property>
</record>
<record>
  <date>2019-06-29T11:54:15</date>
  <millis>1561784055792</millis>
  <sequence>179</sequence>
  <level>WARNING</level>
  <class>com.kms.katalon.core.logging.XmlKeywordLogger</class>
  <method>logMessage</method>
  <thread>1</thread>
  <message>Object Object Repository/Dashboard/Cari Mobil/Mobil Baru - non paket/MobilBaru_LOVBrand not found</message>
  <nestedLevel>2</nestedLevel>
  <property name="attachment">1561784052763.png</property>
</record>
<record>
  <date>2019-06-29T11:54:15</date>
  <millis>1561784055792</millis>
  <sequence>180</sequence>
  <level>END</level>
  <class>com.kms.katalon.core.logging.XmlKeywordLogger</class>
  <method>endKeyword</method>
  <thread>1</thread>
  <message>End action : tap(findTestObject(\&amp;quot;Dashboard/Cari Mobil/Mobil Baru - non paket/MobilBaru_LOVBrand\&amp;quot;), 7, OPTIONAL)</message>
  <nestedLevel>1</nestedLevel>
</record>
<record>
  <date>2019-06-29T11:54:15</date>
  <millis>1561784055793</millis>
  <sequence>181</sequence>
  <level>START</level>
  <class>com.kms.katalon.core.logging.XmlKeywordLogger</class>
  <method>startKeyword</method>
  <thread>1</thread>
  <message>Start action : mobile.mobileSwipe.UpDown(0.40, 0.20, 1000)</message>
  <nestedLevel>1</nestedLevel>
  <property name="startLine">37</property>
  <property name="stepIndex">10</property>
</record>
<record>
  <date>2019-06-29T11:54:17</date>
  <millis>1561784057656</millis>
  <sequence>182</sequence>
  <level>PASSED</level>
  <class>com.kms.katalon.core.logging.XmlKeywordLogger</class>
  <method>logMessage</method>
  <thread>1</thread>
  <message>Current device physical height is 2220</message>
  <nestedLevel>2</nestedLevel>
</record>
<record>
  <date>2019-06-29T11:54:18</date>
  <millis>1561784058464</millis>
  <sequence>183</sequence>
  <level>INFO</level>
  <class>com.kms.katalon.core.logging.XmlKeywordLogger</class>
  <method>logMessage</method>
  <thread>1</thread>
  <message>Device Height : 2220</message>
  <nestedLevel>2</nestedLevel>
</record>
<record>
  <date>2019-06-29T11:54:20</date>
  <millis>1561784060180</millis>
  <sequence>184</sequence>
  <level>PASSED</level>
  <class>com.kms.katalon.core.logging.XmlKeywordLogger</class>
  <method>logMessage</method>
  <thread>1</thread>
  <message>Current device physical width is 1080</message>
  <nestedLevel>2</nestedLevel>
</record>
<record>
  <date>2019-06-29T11:54:21</date>
  <millis>1561784061035</millis>
  <sequence>185</sequence>
  <level>INFO</level>
  <class>com.kms.katalon.core.logging.XmlKeywordLogger</class>
  <method>logMessage</method>
  <thread>1</thread>
  <message>Device Width : 1080</message>
  <nestedLevel>2</nestedLevel>
</record>
<record>
  <date>2019-06-29T11:54:21</date>
  <millis>1561784061036</millis>
  <sequence>186</sequence>
  <level>INFO</level>
  <class>com.kms.katalon.core.logging.XmlKeywordLogger</class>
  <method>logMessage</method>
  <thread>1</thread>
  <message>Swipe start at Height : 888</message>
  <nestedLevel>2</nestedLevel>
</record>
<record>
  <date>2019-06-29T11:54:21</date>
  <millis>1561784061036</millis>
  <sequence>187</sequence>
  <level>INFO</level>
  <class>com.kms.katalon.core.logging.XmlKeywordLogger</class>
  <method>logMessage</method>
  <thread>1</thread>
  <message>Swipe end at Height : 444</message>
  <nestedLevel>2</nestedLevel>
</record>
<record>
  <date>2019-06-29T11:54:21</date>
  <millis>1561784061036</millis>
  <sequence>188</sequence>
  <level>INFO</level>
  <class>com.kms.katalon.core.logging.XmlKeywordLogger</class>
  <method>logMessage</method>
  <thread>1</thread>
  <message>X Position : 1000</message>
  <nestedLevel>2</nestedLevel>
</record>
<record>
  <date>2019-06-29T11:54:23</date>
  <millis>1561784063863</millis>
  <sequence>189</sequence>
  <level>PASSED</level>
  <class>com.kms.katalon.core.logging.XmlKeywordLogger</class>
  <method>logMessage</method>
  <thread>1</thread>
  <message>Swiped from 1,000,888 to 1,000,444</message>
  <nestedLevel>2</nestedLevel>
</record>
<record>
  <date>2019-06-29T11:54:24</date>
  <millis>1561784064701</millis>
  <sequence>190</sequence>
  <level>PASSED</level>
  <class>com.kms.katalon.core.logging.XmlKeywordLogger</class>
  <method>logMessage</method>
  <thread>1</thread>
  <message>mobile.mobileSwipe.UpDown is PASSED</message>
  <nestedLevel>2</nestedLevel>
</record>
<record>
  <date>2019-06-29T11:54:24</date>
  <millis>1561784064702</millis>
  <sequence>191</sequence>
  <level>END</level>
  <class>com.kms.katalon.core.logging.XmlKeywordLogger</class>
  <method>endKeyword</method>
  <thread>1</thread>
  <message>End action : mobile.mobileSwipe.UpDown(0.40, 0.20, 1000)</message>
  <nestedLevel>1</nestedLevel>
</record>
<record>
  <date>2019-06-29T11:54:24</date>
  <millis>1561784064702</millis>
  <sequence>192</sequence>
  <level>START</level>
  <class>com.kms.katalon.core.logging.XmlKeywordLogger</class>
  <method>startKeyword</method>
  <thread>1</thread>
  <message>Start action : setText(findTestObject(\&amp;quot;Dashboard/Cari Mobil/Mobil Baru - non paket/MobilBaru_InpType\&amp;quot;), varType, 7, OPTIONAL)</message>
  <nestedLevel>1</nestedLevel>
  <property name="startLine">39</property>
  <property name="stepIndex">11</property>
</record>
<record>
  <date>2019-06-29T11:54:26</date>
  <millis>1561784066188</millis>
  <sequence>196</sequence>
  <level>PASSED</level>
  <class>com.kms.katalon.core.logging.XmlKeywordLogger</class>
  <method>logMessage</method>
  <thread>1</thread>
  <message>Text &amp;apos; &amp;apos; has been set to element &amp;apos;Object Repository/Dashboard/Cari Mobil/Mobil Baru - non paket/MobilBaru_InpType&amp;apos;</message>
  <nestedLevel>2</nestedLevel>
</record>
<record>
  <date>2019-06-29T11:54:26</date>
  <millis>1561784066188</millis>
  <sequence>197</sequence>
  <level>END</level>
  <class>com.kms.katalon.core.logging.XmlKeywordLogger</class>
  <method>endKeyword</method>
  <thread>1</thread>
  <message>End action : setText(findTestObject(\&amp;quot;Dashboard/Cari Mobil/Mobil Baru - non paket/MobilBaru_InpType\&amp;quot;), varType, 7, OPTIONAL)</message>
  <nestedLevel>1</nestedLevel>
</record>
<record>
  <date>2019-06-29T11:54:26</date>
  <millis>1561784066188</millis>
  <sequence>198</sequence>
  <level>START</level>
  <class>com.kms.katalon.core.logging.XmlKeywordLogger</class>
  <method>startKeyword</method>
  <thread>1</thread>
  <message>Start action : tap(findTestObject(\&amp;quot;Dashboard/Cari Mobil/Mobil Baru - non paket/MobilBaru_InpType\&amp;quot;), 7, OPTIONAL)</message>
  <nestedLevel>1</nestedLevel>
  <property name="startLine">41</property>
  <property name="stepIndex">12</property>
</record>
<record>
  <date>2019-06-29T11:54:28</date>
  <millis>1561784068280</millis>
  <sequence>202</sequence>
  <level>PASSED</level>
  <class>com.kms.katalon.core.logging.XmlKeywordLogger</class>
  <method>logMessage</method>
  <thread>1</thread>
  <message>Tapped on element &amp;apos;Object Repository/Dashboard/Cari Mobil/Mobil Baru - non paket/MobilBaru_InpType&amp;apos;</message>
  <nestedLevel>2</nestedLevel>
</record>
<record>
  <date>2019-06-29T11:54:28</date>
  <millis>1561784068280</millis>
  <sequence>203</sequence>
  <level>END</level>
  <class>com.kms.katalon.core.logging.XmlKeywordLogger</class>
  <method>endKeyword</method>
  <thread>1</thread>
  <message>End action : tap(findTestObject(\&amp;quot;Dashboard/Cari Mobil/Mobil Baru - non paket/MobilBaru_InpType\&amp;quot;), 7, OPTIONAL)</message>
  <nestedLevel>1</nestedLevel>
</record>
<record>
  <date>2019-06-29T11:54:28</date>
  <millis>1561784068281</millis>
  <sequence>204</sequence>
  <level>START</level>
  <class>com.kms.katalon.core.logging.XmlKeywordLogger</class>
  <method>startKeyword</method>
  <thread>1</thread>
  <message>Start action : tap(findTestObject(\&amp;quot;Dashboard/Cari Mobil/Mobil Baru - non paket/MobilBaru_LOVType\&amp;quot;), 7, OPTIONAL)</message>
  <nestedLevel>1</nestedLevel>
  <property name="startLine">43</property>
  <property name="stepIndex">13</property>
</record>
<record>
  <date>2019-06-29T11:54:38</date>
  <millis>1561784078508</millis>
  <sequence>208</sequence>
  <level>WARNING</level>
  <class>com.kms.katalon.core.logging.XmlKeywordLogger</class>
  <method>logMessage</method>
  <thread>1</thread>
  <message>Object Object Repository/Dashboard/Cari Mobil/Mobil Baru - non paket/MobilBaru_LOVType not found</message>
  <nestedLevel>2</nestedLevel>
  <property name="attachment">1561784075315.png</property>
</record>
<record>
  <date>2019-06-29T11:54:38</date>
  <millis>1561784078508</millis>
  <sequence>209</sequence>
  <level>END</level>
  <class>com.kms.katalon.core.logging.XmlKeywordLogger</class>
  <method>endKeyword</method>
  <thread>1</thread>
  <message>End action : tap(findTestObject(\&amp;quot;Dashboard/Cari Mobil/Mobil Baru - non paket/MobilBaru_LOVType\&amp;quot;), 7, OPTIONAL)</message>
  <nestedLevel>1</nestedLevel>
</record>
<record>
  <date>2019-06-29T11:54:38</date>
  <millis>1561784078509</millis>
  <sequence>210</sequence>
  <level>START</level>
  <class>com.kms.katalon.core.logging.XmlKeywordLogger</class>
  <method>startKeyword</method>
  <thread>1</thread>
  <message>Start action : setText(findTestObject(\&amp;quot;Dashboard/Cari Mobil/Mobil Baru - non paket/MobilBaru_InpModel\&amp;quot;), varModel, 7, OPTIONAL)</message>
  <nestedLevel>1</nestedLevel>
  <property name="startLine">45</property>
  <property name="stepIndex">14</property>
</record>
<record>
  <date>2019-06-29T11:54:39</date>
  <millis>1561784079883</millis>
  <sequence>214</sequence>
  <level>PASSED</level>
  <class>com.kms.katalon.core.logging.XmlKeywordLogger</class>
  <method>logMessage</method>
  <thread>1</thread>
  <message>Text &amp;apos; &amp;apos; has been set to element &amp;apos;Object Repository/Dashboard/Cari Mobil/Mobil Baru - non paket/MobilBaru_InpModel&amp;apos;</message>
  <nestedLevel>2</nestedLevel>
</record>
<record>
  <date>2019-06-29T11:54:39</date>
  <millis>1561784079884</millis>
  <sequence>215</sequence>
  <level>END</level>
  <class>com.kms.katalon.core.logging.XmlKeywordLogger</class>
  <method>endKeyword</method>
  <thread>1</thread>
  <message>End action : setText(findTestObject(\&amp;quot;Dashboard/Cari Mobil/Mobil Baru - non paket/MobilBaru_InpModel\&amp;quot;), varModel, 7, OPTIONAL)</message>
  <nestedLevel>1</nestedLevel>
</record>
<record>
  <date>2019-06-29T11:54:39</date>
  <millis>1561784079884</millis>
  <sequence>216</sequence>
  <level>START</level>
  <class>com.kms.katalon.core.logging.XmlKeywordLogger</class>
  <method>startKeyword</method>
  <thread>1</thread>
  <message>Start action : tap(findTestObject(\&amp;quot;Dashboard/Cari Mobil/Mobil Baru - non paket/MobilBaru_InpModel\&amp;quot;), 7, OPTIONAL)</message>
  <nestedLevel>1</nestedLevel>
  <property name="startLine">47</property>
  <property name="stepIndex">15</property>
</record>
<record>
  <date>2019-06-29T11:54:41</date>
  <millis>1561784081897</millis>
  <sequence>220</sequence>
  <level>PASSED</level>
  <class>com.kms.katalon.core.logging.XmlKeywordLogger</class>
  <method>logMessage</method>
  <thread>1</thread>
  <message>Tapped on element &amp;apos;Object Repository/Dashboard/Cari Mobil/Mobil Baru - non paket/MobilBaru_InpModel&amp;apos;</message>
  <nestedLevel>2</nestedLevel>
</record>
<record>
  <date>2019-06-29T11:54:41</date>
  <millis>1561784081897</millis>
  <sequence>221</sequence>
  <level>END</level>
  <class>com.kms.katalon.core.logging.XmlKeywordLogger</class>
  <method>endKeyword</method>
  <thread>1</thread>
  <message>End action : tap(findTestObject(\&amp;quot;Dashboard/Cari Mobil/Mobil Baru - non paket/MobilBaru_InpModel\&amp;quot;), 7, OPTIONAL)</message>
  <nestedLevel>1</nestedLevel>
</record>
<record>
  <date>2019-06-29T11:54:41</date>
  <millis>1561784081898</millis>
  <sequence>222</sequence>
  <level>START</level>
  <class>com.kms.katalon.core.logging.XmlKeywordLogger</class>
  <method>startKeyword</method>
  <thread>1</thread>
  <message>Start action : tap(findTestObject(\&amp;quot;Dashboard/Cari Mobil/Mobil Baru - non paket/MobilBaru_LOVModel\&amp;quot;), 7, OPTIONAL)</message>
  <nestedLevel>1</nestedLevel>
  <property name="startLine">49</property>
  <property name="stepIndex">16</property>
</record>
<record>
  <date>2019-06-29T11:54:51</date>
  <millis>1561784091831</millis>
  <sequence>226</sequence>
  <level>WARNING</level>
  <class>com.kms.katalon.core.logging.XmlKeywordLogger</class>
  <method>logMessage</method>
  <thread>1</thread>
  <message>Object Object Repository/Dashboard/Cari Mobil/Mobil Baru - non paket/MobilBaru_LOVModel not found</message>
  <nestedLevel>2</nestedLevel>
  <property name="attachment">1561784088945.png</property>
</record>
<record>
  <date>2019-06-29T11:54:51</date>
  <millis>1561784091832</millis>
  <sequence>227</sequence>
  <level>END</level>
  <class>com.kms.katalon.core.logging.XmlKeywordLogger</class>
  <method>endKeyword</method>
  <thread>1</thread>
  <message>End action : tap(findTestObject(\&amp;quot;Dashboard/Cari Mobil/Mobil Baru - non paket/MobilBaru_LOVModel\&amp;quot;), 7, OPTIONAL)</message>
  <nestedLevel>1</nestedLevel>
</record>
<record>
  <date>2019-06-29T11:54:51</date>
  <millis>1561784091832</millis>
  <sequence>228</sequence>
  <level>START</level>
  <class>com.kms.katalon.core.logging.XmlKeywordLogger</class>
  <method>startKeyword</method>
  <thread>1</thread>
  <message>Start action : setText(findTestObject(\&amp;quot;Dashboard/Cari Mobil/Mobil Baru - non paket/MobilBaru_InpTahun\&amp;quot;), varTahun, 7, OPTIONAL)</message>
  <nestedLevel>1</nestedLevel>
  <property name="startLine">51</property>
  <property name="stepIndex">17</property>
</record>
<record>
  <date>2019-06-29T11:54:53</date>
  <millis>1561784093168</millis>
  <sequence>232</sequence>
  <level>PASSED</level>
  <class>com.kms.katalon.core.logging.XmlKeywordLogger</class>
  <method>logMessage</method>
  <thread>1</thread>
  <message>Text &amp;apos;2019&amp;apos; has been set to element &amp;apos;Object Repository/Dashboard/Cari Mobil/Mobil Baru - non paket/MobilBaru_InpTahun&amp;apos;</message>
  <nestedLevel>2</nestedLevel>
</record>
<record>
  <date>2019-06-29T11:54:53</date>
  <millis>1561784093169</millis>
  <sequence>233</sequence>
  <level>END</level>
  <class>com.kms.katalon.core.logging.XmlKeywordLogger</class>
  <method>endKeyword</method>
  <thread>1</thread>
  <message>End action : setText(findTestObject(\&amp;quot;Dashboard/Cari Mobil/Mobil Baru - non paket/MobilBaru_InpTahun\&amp;quot;), varTahun, 7, OPTIONAL)</message>
  <nestedLevel>1</nestedLevel>
</record>
<record>
  <date>2019-06-29T11:54:53</date>
  <millis>1561784093169</millis>
  <sequence>234</sequence>
  <level>START</level>
  <class>com.kms.katalon.core.logging.XmlKeywordLogger</class>
  <method>startKeyword</method>
  <thread>1</thread>
  <message>Start action : tap(findTestObject(\&amp;quot;Dashboard/Cari Mobil/Mobil Baru - non paket/MobilBaru_LOVTahun\&amp;quot;), 7, OPTIONAL)</message>
  <nestedLevel>1</nestedLevel>
  <property name="startLine">53</property>
  <property name="stepIndex">18</property>
</record>
<record>
  <date>2019-06-29T11:55:00</date>
  <millis>1561784100132</millis>
  <sequence>239</sequence>
  <level>WARNING</level>
  <class>com.kms.katalon.core.logging.XmlKeywordLogger</class>
  <method>logMessage</method>
  <thread>1</thread>
  <message>Cannot take screenshot</message>
  <nestedLevel>2</nestedLevel>
  <property name="failed.exception.class">org.openqa.selenium.WebDriverException</property>
  <property name="failed.exception.stacktrace">org.openqa.selenium.WebDriverException: An unknown server-side error occurred while processing the command. Original error: Could not proxy command to remote server. Original error: Error: socket hang up (WARNING: The server did not provide any stacktrace information)\nCommand duration or timeout: 0 milliseconds\nBuild info: version: &apos;3.7.1&apos;, revision: &apos;8a0099a&apos;, time: &apos;2017-11-06T21:07:36.161Z&apos;\nSystem info: host: &apos;FATITQC15421L&apos;, ip: &apos;192.168.1.13&apos;, os.name: &apos;Windows 10&apos;, os.arch: &apos;amd64&apos;, os.version: &apos;10.0&apos;, java.version: &apos;1.8.0_181&apos;\nDriver info: com.kms.katalon.core.appium.driver.SwipeableAndroidDriver\nCapabilities {app: C:\\Users\\15421\\Katalon Stud..., appPackage: com.outsystemsenterprise.ac..., autoGrantPermissions: true, automationName: uiautomator2, databaseEnabled: false, desired: {app: C:\\Users\\15421\\Katalon Stud..., autoGrantPermissions: true, automationName: uiautomator2, deviceName: samsung SM-A750GN (Android ..., fullReset: false, newCommandTimeout: 1800, noReset: true, platform: ANDROID, platformName: Android, udid: 32009eef4a1fc583}, deviceApiLevel: 26, deviceManufacturer: samsung, deviceModel: SM-A750GN, deviceName: 32009eef4a1fc583, deviceScreenDensity: 420, deviceScreenSize: 1080x2220, deviceUDID: 32009eef4a1fc583, fullReset: false, javascriptEnabled: true, locationContextEnabled: false, networkConnectionEnabled: true, newCommandTimeout: 1800, noReset: true, pixelRatio: 2.625, platform: ANDROID, platformName: ANDROID, platformVersion: 8.0.0, statBarHeight: 63, takesScreenshot: true, udid: 32009eef4a1fc583, viewportRect: {height: 2157, left: 0, top: 63, width: 1080}, warnings: {}, webStorageEnabled: false}\nSession ID: 6fac7369-4bcb-4676-a8a7-7e0383713c84\r\n\tat org.openqa.selenium.remote.ErrorHandler.createThrowable(ErrorHandler.java:214)\r\n\tat org.openqa.selenium.remote.ErrorHandler.throwIfResponseFailed(ErrorHandler.java:166)\r\n\tat org.openqa.selenium.remote.http.JsonHttpResponseCodec.reconstructValue(JsonHttpResponseCodec.java:40)\r\n\tat org.openqa.selenium.remote.http.AbstractHttpResponseCodec.decode(AbstractHttpResponseCodec.java:80)\r\n\tat org.openqa.selenium.remote.http.AbstractHttpResponseCodec.decode(AbstractHttpResponseCodec.java:44)\r\n\tat org.openqa.selenium.remote.HttpCommandExecutor.execute(HttpCommandExecutor.java:164)\r\n\tat io.appium.java_client.remote.AppiumCommandExecutor.execute(AppiumCommandExecutor.java:89)\r\n\tat org.openqa.selenium.remote.RemoteWebDriver.execute(RemoteWebDriver.java:600)\r\n\tat io.appium.java_client.DefaultGenericMobileDriver.execute(DefaultGenericMobileDriver.java:46)\r\n\tat io.appium.java_client.AppiumDriver.execute(AppiumDriver.java:1)\r\n\tat io.appium.java_client.android.AndroidDriver.execute(AndroidDriver.java:1)\r\n\tat com.kms.katalon.core.appium.driver.SwipeableAndroidDriver.execute(SwipeableAndroidDriver.java:1)\r\n\tat org.openqa.selenium.remote.RemoteWebDriver.getScreenshotAs(RemoteWebDriver.java:342)\r\n\tat com.kms.katalon.core.mobile.helper.MobileScreenCaptor.take(MobileScreenCaptor.java:36)\r\n\tat com.kms.katalon.core.helper.screenshot.ScreenCaptor.takeScreenshotAndGetAttributes(ScreenCaptor.java:37)\r\n\tat com.kms.katalon.core.mobile.keyword.internal.MobileKeywordMain.stepFailed(MobileKeywordMain.groovy:40)\r\n\tat com.kms.katalon.core.mobile.keyword.internal.MobileKeywordMain.runKeyword(MobileKeywordMain.groovy:23)\r\n\tat com.kms.katalon.core.mobile.keyword.builtin.TapKeyword.tap(TapKeyword.groovy:83)\r\n\tat com.kms.katalon.core.mobile.keyword.builtin.TapKeyword.execute(TapKeyword.groovy:66)\r\n\tat com.kms.katalon.core.keyword.internal.KeywordExecutor.executeKeywordForPlatform(KeywordExecutor.groovy:56)\r\n\tat com.kms.katalon.core.mobile.keyword.MobileBuiltInKeywords.tap(MobileBuiltInKeywords.groovy:471)\r\n\tat com.kms.katalon.core.mobile.keyword.MobileBuiltInKeywords$tap$1.call(Unknown Source)\r\n\tat Mobil Baru - MASTER FLOW.run(Mobil Baru - MASTER FLOW:53)\r\n\tat com.kms.katalon.core.main.ScriptEngine.run(ScriptEngine.java:194)\r\n\tat com.kms.katalon.core.main.ScriptEngine.runScriptAsRawText(ScriptEngine.java:119)\r\n\tat com.kms.katalon.core.main.TestCaseExecutor.runScript(TestCaseExecutor.java:337)\r\n\tat com.kms.katalon.core.main.TestCaseExecutor.doExecute(TestCaseExecutor.java:328)\r\n\tat com.kms.katalon.core.main.TestCaseExecutor.processExecutionPhase(TestCaseExecutor.java:307)\r\n\tat com.kms.katalon.core.main.TestCaseExecutor.accessMainPhase(TestCaseExecutor.java:299)\r\n\tat com.kms.katalon.core.main.TestCaseExecutor.execute(TestCaseExecutor.java:233)\r\n\tat com.kms.katalon.core.main.TestCaseMain.runTestCase(TestCaseMain.java:114)\r\n\tat com.kms.katalon.core.keyword.builtin.CallTestCaseKeyword$_callTestCase_closure1.doCall(CallTestCaseKeyword.groovy:59)\r\n\tat com.kms.katalon.core.keyword.builtin.CallTestCaseKeyword$_callTestCase_closure1.call(CallTestCaseKeyword.groovy)\r\n\tat com.kms.katalon.core.keyword.internal.KeywordMain.runKeyword(KeywordMain.groovy:68)\r\n\tat com.kms.katalon.core.keyword.builtin.CallTestCaseKeyword.callTestCase(CallTestCaseKeyword.groovy:81)\r\n\tat com.kms.katalon.core.keyword.builtin.CallTestCaseKeyword.execute(CallTestCaseKeyword.groovy:44)\r\n\tat com.kms.katalon.core.keyword.internal.KeywordExecutor.executeKeywordForPlatform(KeywordExecutor.groovy:56)\r\n\tat com.kms.katalon.core.keyword.BuiltinKeywords.callTestCase(BuiltinKeywords.groovy:334)\r\n\tat Mobil Baru.run(Mobil Baru:23)\r\n\tat com.kms.katalon.core.main.ScriptEngine.run(ScriptEngine.java:194)\r\n\tat com.kms.katalon.core.main.ScriptEngine.runScriptAsRawText(ScriptEngine.java:119)\r\n\tat com.kms.katalon.core.main.TestCaseExecutor.runScript(TestCaseExecutor.java:337)\r\n\tat com.kms.katalon.core.main.TestCaseExecutor.doExecute(TestCaseExecutor.java:328)\r\n\tat com.kms.katalon.core.main.TestCaseExecutor.processExecutionPhase(TestCaseExecutor.java:307)\r\n\tat com.kms.katalon.core.main.TestCaseExecutor.accessMainPhase(TestCaseExecutor.java:299)\r\n\tat com.kms.katalon.core.main.TestCaseExecutor.execute(TestCaseExecutor.java:233)\r\n\tat com.kms.katalon.core.main.TestSuiteExecutor.accessTestCaseMainPhase(TestSuiteExecutor.java:133)\r\n\tat com.kms.katalon.core.main.TestSuiteExecutor.accessTestSuiteMainPhase(TestSuiteExecutor.java:116)\r\n\tat com.kms.katalon.core.main.TestSuiteExecutor.execute(TestSuiteExecutor.java:83)\r\n\tat com.kms.katalon.core.main.TestCaseMain.startTestSuite(TestCaseMain.java:157)\r\n\tat com.kms.katalon.core.main.TestCaseMain$startTestSuite$0.call(Unknown Source)\r\n\tat TempTestSuite1561783921228.run(TempTestSuite1561783921228.groovy:35)\r\n</property>
  <property name="failed.exception.message">An unknown server-side error occurred while processing the command. Original error: Could not proxy command to remote server. Original error: Error: socket hang up (WARNING: The server did not provide any stacktrace information)\nCommand duration or timeout: 0 milliseconds\nBuild info: version: &apos;3.7.1&apos;, revision: &apos;8a0099a&apos;, time: &apos;2017-11-06T21:07:36.161Z&apos;\nSystem info: host: &apos;FATITQC15421L&apos;, ip: &apos;192.168.1.13&apos;, os.name: &apos;Windows 10&apos;, os.arch: &apos;amd64&apos;, os.version: &apos;10.0&apos;, java.version: &apos;1.8.0_181&apos;\nDriver info: com.kms.katalon.core.appium.driver.SwipeableAndroidDriver\nCapabilities {app: C:\\Users\\15421\\Katalon Stud..., appPackage: com.outsystemsenterprise.ac..., autoGrantPermissions: true, automationName: uiautomator2, databaseEnabled: false, desired: {app: C:\\Users\\15421\\Katalon Stud..., autoGrantPermissions: true, automationName: uiautomator2, deviceName: samsung SM-A750GN (Android ..., fullReset: false, newCommandTimeout: 1800, noReset: true, platform: ANDROID, platformName: Android, udid: 32009eef4a1fc583}, deviceApiLevel: 26, deviceManufacturer: samsung, deviceModel: SM-A750GN, deviceName: 32009eef4a1fc583, deviceScreenDensity: 420, deviceScreenSize: 1080x2220, deviceUDID: 32009eef4a1fc583, fullReset: false, javascriptEnabled: true, locationContextEnabled: false, networkConnectionEnabled: true, newCommandTimeout: 1800, noReset: true, pixelRatio: 2.625, platform: ANDROID, platformName: ANDROID, platformVersion: 8.0.0, statBarHeight: 63, takesScreenshot: true, udid: 32009eef4a1fc583, viewportRect: {height: 2157, left: 0, top: 63, width: 1080}, warnings: {}, webStorageEnabled: false}\nSession ID: 6fac7369-4bcb-4676-a8a7-7e0383713c84</property>
</record>
<record>
  <date>2019-06-29T11:55:00</date>
  <millis>1561784100136</millis>
  <sequence>242</sequence>
  <level>WARNING</level>
  <class>com.kms.katalon.core.logging.XmlKeywordLogger</class>
  <method>logMessage</method>
  <thread>1</thread>
  <message>Failed to tap on element &amp;apos;Object Repository/Dashboard/Cari Mobil/Mobil Baru - non paket/MobilBaru_LOVTahun&amp;apos; (Root cause: org.openqa.selenium.WebDriverException: An unknown server-side error occurred while processing the command. Original error: Could not proxy command to remote server. Original error: Error: socket hang up (WARNING: The server did not provide any stacktrace information)\nCommand duration or timeout: 0 milliseconds\nBuild info: version: &amp;apos;3.7.1&amp;apos;, revision: &amp;apos;8a0099a&amp;apos;, time: &amp;apos;2017-11-06T21:07:36.161Z&amp;apos;\nSystem info: host: &amp;apos;FATITQC15421L&amp;apos;, ip: &amp;apos;192.168.1.13&amp;apos;, os.name: &amp;apos;Windows 10&amp;apos;, os.arch: &amp;apos;amd64&amp;apos;, os.version: &amp;apos;10.0&amp;apos;, java.version: &amp;apos;1.8.0_181&amp;apos;\nDriver info: com.kms.katalon.core.appium.driver.SwipeableAndroidDriver\nCapabilities {app: C:\\Users\\15421\\Katalon Stud..., appPackage: com.outsystemsenterprise.ac..., autoGrantPermissions: true, automationName: uiautomator2, databaseEnabled: false, desired: {app: C:\\Users\\15421\\Katalon Stud..., autoGrantPermissions: true, automationName: uiautomator2, deviceName: samsung SM-A750GN (Android ..., fullReset: false, newCommandTimeout: 1800, noReset: true, platform: ANDROID, platformName: Android, udid: 32009eef4a1fc583}, deviceApiLevel: 26, deviceManufacturer: samsung, deviceModel: SM-A750GN, deviceName: 32009eef4a1fc583, deviceScreenDensity: 420, deviceScreenSize: 1080x2220, deviceUDID: 32009eef4a1fc583, fullReset: false, javascriptEnabled: true, locationContextEnabled: false, networkConnectionEnabled: true, newCommandTimeout: 1800, noReset: true, pixelRatio: 2.625, platform: ANDROID, platformName: ANDROID, platformVersion: 8.0.0, statBarHeight: 63, takesScreenshot: true, udid: 32009eef4a1fc583, viewportRect: {height: 2157, left: 0, top: 63, width: 1080}, warnings: {}, webStorageEnabled: false}\nSession ID: 6fac7369-4bcb-4676-a8a7-7e0383713c84\n*** Element info: {Using=-android uiautomator, value=new UiSelector().className(\&amp;quot;android.view.View\&amp;quot;).resourceId(\&amp;quot;b3-l6-0-txt_tahun\&amp;quot;)}\r\n\tat org.openqa.selenium.remote.ErrorHandler.createThrowable(ErrorHandler.java:214)\r\n\tat org.openqa.selenium.remote.ErrorHandler.throwIfResponseFailed(ErrorHandler.java:166)\r\n\tat org.openqa.selenium.remote.http.JsonHttpResponseCodec.reconstructValue(JsonHttpResponseCodec.java:40)\r\n\tat org.openqa.selenium.remote.http.AbstractHttpResponseCodec.decode(AbstractHttpResponseCodec.java:80)\r\n\tat org.openqa.selenium.remote.http.AbstractHttpResponseCodec.decode(AbstractHttpResponseCodec.java:44)\r\n\tat org.openqa.selenium.remote.HttpCommandExecutor.execute(HttpCommandExecutor.java:164)\r\n\tat io.appium.java_client.remote.AppiumCommandExecutor.execute(AppiumCommandExecutor.java:89)\r\n\tat org.openqa.selenium.remote.RemoteWebDriver.execute(RemoteWebDriver.java:600)\r\n\tat io.appium.java_client.DefaultGenericMobileDriver.execute(DefaultGenericMobileDriver.java:42)\r\n\tat io.appium.java_client.AppiumDriver.execute(AppiumDriver.java:1)\r\n\tat io.appium.java_client.android.AndroidDriver.execute(AndroidDriver.java:1)\r\n\tat com.kms.katalon.core.appium.driver.SwipeableAndroidDriver.execute(SwipeableAndroidDriver.java:1)\r\n\tat org.openqa.selenium.remote.RemoteWebDriver.findElements(RemoteWebDriver.java:397)\r\n\tat io.appium.java_client.DefaultGenericMobileDriver.findElements(DefaultGenericMobileDriver.java:54)\r\n\tat io.appium.java_client.AppiumDriver.findElements(AppiumDriver.java:149)\r\n\tat io.appium.java_client.FindsByAndroidUIAutomator.findElementsByAndroidUIAutomator(FindsByAndroidUIAutomator.java:39)\r\n\tat com.kms.katalon.core.mobile.keyword.internal.MobileSearchEngine.findAndroidElements(MobileSearchEngine.java:152)\r\n\tat com.kms.katalon.core.mobile.keyword.internal.MobileSearchEngine.findWebElement(MobileSearchEngine.java:252)\r\n\tat com.kms.katalon.core.mobile.keyword.internal.MobileSearchEngine$findWebElement.call(Unknown Source)\r\n\tat com.kms.katalon.core.mobile.keyword.internal.MobileAbstractKeyword.findElement(MobileAbstractKeyword.groovy:105)\r\n\tat com.kms.katalon.core.mobile.keyword.builtin.TapKeyword$_tap_closure1.doCall(TapKeyword.groovy:74)\r\n\tat com.kms.katalon.core.mobile.keyword.builtin.TapKeyword$_tap_closure1.call(TapKeyword.groovy)\r\n\tat com.kms.katalon.core.mobile.keyword.internal.MobileKeywordMain.runKeyword(MobileKeywordMain.groovy:21)\r\n\tat com.kms.katalon.core.mobile.keyword.builtin.TapKeyword.tap(TapKeyword.groovy:83)\r\n\tat com.kms.katalon.core.mobile.keyword.builtin.TapKeyword.execute(TapKeyword.groovy:66)\r\n\tat com.kms.katalon.core.keyword.internal.KeywordExecutor.executeKeywordForPlatform(KeywordExecutor.groovy:56)\r\n\tat com.kms.katalon.core.mobile.keyword.MobileBuiltInKeywords.tap(MobileBuiltInKeywords.groovy:471)\r\n\tat com.kms.katalon.core.mobile.keyword.MobileBuiltInKeywords$tap$1.call(Unknown Source)\r\n\tat Mobil Baru - MASTER FLOW.run(Mobil Baru - MASTER FLOW:53)\r\n\tat com.kms.katalon.core.main.ScriptEngine.run(ScriptEngine.java:194)\r\n\tat com.kms.katalon.core.main.ScriptEngine.runScriptAsRawText(ScriptEngine.java:119)\r\n\tat com.kms.katalon.core.main.TestCaseExecutor.runScript(TestCaseExecutor.java:337)\r\n\tat com.kms.katalon.core.main.TestCaseExecutor.doExecute(TestCaseExecutor.java:328)\r\n\tat com.kms.katalon.core.main.TestCaseExecutor.processExecutionPhase(TestCaseExecutor.java:307)\r\n\tat com.kms.katalon.core.main.TestCaseExecutor.accessMainPhase(TestCaseExecutor.java:299)\r\n\tat com.kms.katalon.core.main.TestCaseExecutor.execute(TestCaseExecutor.java:233)\r\n\tat com.kms.katalon.core.main.TestCaseMain.runTestCase(TestCaseMain.java:114)\r\n\tat com.kms.katalon.core.keyword.builtin.CallTestCaseKeyword$_callTestCase_closure1.doCall(CallTestCaseKeyword.groovy:59)\r\n\tat com.kms.katalon.core.keyword.builtin.CallTestCaseKeyword$_callTestCase_closure1.call(CallTestCaseKeyword.groovy)\r\n\tat com.kms.katalon.core.keyword.internal.KeywordMain.runKeyword(KeywordMain.groovy:68)\r\n\tat com.kms.katalon.core.keyword.builtin.CallTestCaseKeyword.callTestCase(CallTestCaseKeyword.groovy:81)\r\n\tat com.kms.katalon.core.keyword.builtin.CallTestCaseKeyword.execute(CallTestCaseKeyword.groovy:44)\r\n\tat com.kms.katalon.core.keyword.internal.KeywordExecutor.executeKeywordForPlatform(KeywordExecutor.groovy:56)\r\n\tat com.kms.katalon.core.keyword.BuiltinKeywords.callTestCase(BuiltinKeywords.groovy:334)\r\n\tat Mobil Baru.run(Mobil Baru:23)\r\n\tat com.kms.katalon.core.main.ScriptEngine.run(ScriptEngine.java:194)\r\n\tat com.kms.katalon.core.main.ScriptEngine.runScriptAsRawText(ScriptEngine.java:119)\r\n\tat com.kms.katalon.core.main.TestCaseExecutor.runScript(TestCaseExecutor.java:337)\r\n\tat com.kms.katalon.core.main.TestCaseExecutor.doExecute(TestCaseExecutor.java:328)\r\n\tat com.kms.katalon.core.main.TestCaseExecutor.processExecutionPhase(TestCaseExecutor.java:307)\r\n\tat com.kms.katalon.core.main.TestCaseExecutor.accessMainPhase(TestCaseExecutor.java:299)\r\n\tat com.kms.katalon.core.main.TestCaseExecutor.execute(TestCaseExecutor.java:233)\r\n\tat com.kms.katalon.core.main.TestSuiteExecutor.accessTestCaseMainPhase(TestSuiteExecutor.java:133)\r\n\tat com.kms.katalon.core.main.TestSuiteExecutor.accessTestSuiteMainPhase(TestSuiteExecutor.java:116)\r\n\tat com.kms.katalon.core.main.TestSuiteExecutor.execute(TestSuiteExecutor.java:83)\r\n\tat com.kms.katalon.core.main.TestCaseMain.startTestSuite(TestCaseMain.java:157)\r\n\tat com.kms.katalon.core.main.TestCaseMain$startTestSuite$0.call(Unknown Source)\r\n\tat TempTestSuite1561783921228.run(TempTestSuite1561783921228.groovy:35)\r\n)</message>
  <nestedLevel>2</nestedLevel>
  <property name="failed.exception.class">org.openqa.selenium.WebDriverException</property>
  <property name="failed.exception.stacktrace">org.openqa.selenium.WebDriverException: An unknown server-side error occurred while processing the command. Original error: Could not proxy command to remote server. Original error: Error: socket hang up (WARNING: The server did not provide any stacktrace information)\nCommand duration or timeout: 0 milliseconds\nBuild info: version: &apos;3.7.1&apos;, revision: &apos;8a0099a&apos;, time: &apos;2017-11-06T21:07:36.161Z&apos;\nSystem info: host: &apos;FATITQC15421L&apos;, ip: &apos;192.168.1.13&apos;, os.name: &apos;Windows 10&apos;, os.arch: &apos;amd64&apos;, os.version: &apos;10.0&apos;, java.version: &apos;1.8.0_181&apos;\nDriver info: com.kms.katalon.core.appium.driver.SwipeableAndroidDriver\nCapabilities {app: C:\\Users\\15421\\Katalon Stud..., appPackage: com.outsystemsenterprise.ac..., autoGrantPermissions: true, automationName: uiautomator2, databaseEnabled: false, desired: {app: C:\\Users\\15421\\Katalon Stud..., autoGrantPermissions: true, automationName: uiautomator2, deviceName: samsung SM-A750GN (Android ..., fullReset: false, newCommandTimeout: 1800, noReset: true, platform: ANDROID, platformName: Android, udid: 32009eef4a1fc583}, deviceApiLevel: 26, deviceManufacturer: samsung, deviceModel: SM-A750GN, deviceName: 32009eef4a1fc583, deviceScreenDensity: 420, deviceScreenSize: 1080x2220, deviceUDID: 32009eef4a1fc583, fullReset: false, javascriptEnabled: true, locationContextEnabled: false, networkConnectionEnabled: true, newCommandTimeout: 1800, noReset: true, pixelRatio: 2.625, platform: ANDROID, platformName: ANDROID, platformVersion: 8.0.0, statBarHeight: 63, takesScreenshot: true, udid: 32009eef4a1fc583, viewportRect: {height: 2157, left: 0, top: 63, width: 1080}, warnings: {}, webStorageEnabled: false}\nSession ID: 6fac7369-4bcb-4676-a8a7-7e0383713c84\n*** Element info: {Using=-android uiautomator, value=new UiSelector().className(\&quot;android.view.View\&quot;).resourceId(\&quot;b3-l6-0-txt_tahun\&quot;)}\r\n\tat org.openqa.selenium.remote.ErrorHandler.createThrowable(ErrorHandler.java:214)\r\n\tat org.openqa.selenium.remote.ErrorHandler.throwIfResponseFailed(ErrorHandler.java:166)\r\n\tat org.openqa.selenium.remote.http.JsonHttpResponseCodec.reconstructValue(JsonHttpResponseCodec.java:40)\r\n\tat org.openqa.selenium.remote.http.AbstractHttpResponseCodec.decode(AbstractHttpResponseCodec.java:80)\r\n\tat org.openqa.selenium.remote.http.AbstractHttpResponseCodec.decode(AbstractHttpResponseCodec.java:44)\r\n\tat org.openqa.selenium.remote.HttpCommandExecutor.execute(HttpCommandExecutor.java:164)\r\n\tat io.appium.java_client.remote.AppiumCommandExecutor.execute(AppiumCommandExecutor.java:89)\r\n\tat org.openqa.selenium.remote.RemoteWebDriver.execute(RemoteWebDriver.java:600)\r\n\tat io.appium.java_client.DefaultGenericMobileDriver.execute(DefaultGenericMobileDriver.java:42)\r\n\tat io.appium.java_client.AppiumDriver.execute(AppiumDriver.java:1)\r\n\tat io.appium.java_client.android.AndroidDriver.execute(AndroidDriver.java:1)\r\n\tat com.kms.katalon.core.appium.driver.SwipeableAndroidDriver.execute(SwipeableAndroidDriver.java:1)\r\n\tat org.openqa.selenium.remote.RemoteWebDriver.findElements(RemoteWebDriver.java:397)\r\n\tat io.appium.java_client.DefaultGenericMobileDriver.findElements(DefaultGenericMobileDriver.java:54)\r\n\tat io.appium.java_client.AppiumDriver.findElements(AppiumDriver.java:149)\r\n\tat io.appium.java_client.FindsByAndroidUIAutomator.findElementsByAndroidUIAutomator(FindsByAndroidUIAutomator.java:39)\r\n\tat com.kms.katalon.core.mobile.keyword.internal.MobileSearchEngine.findAndroidElements(MobileSearchEngine.java:152)\r\n\tat com.kms.katalon.core.mobile.keyword.internal.MobileSearchEngine.findWebElement(MobileSearchEngine.java:252)\r\n\tat com.kms.katalon.core.mobile.keyword.internal.MobileSearchEngine$findWebElement.call(Unknown Source)\r\n\tat com.kms.katalon.core.mobile.keyword.internal.MobileAbstractKeyword.findElement(MobileAbstractKeyword.groovy:105)\r\n\tat com.kms.katalon.core.mobile.keyword.builtin.TapKeyword$_tap_closure1.doCall(TapKeyword.groovy:74)\r\n\tat com.kms.katalon.core.mobile.keyword.builtin.TapKeyword$_tap_closure1.call(TapKeyword.groovy)\r\n\tat com.kms.katalon.core.mobile.keyword.internal.MobileKeywordMain.runKeyword(MobileKeywordMain.groovy:21)\r\n\tat com.kms.katalon.core.mobile.keyword.builtin.TapKeyword.tap(TapKeyword.groovy:83)\r\n\tat com.kms.katalon.core.mobile.keyword.builtin.TapKeyword.execute(TapKeyword.groovy:66)\r\n\tat com.kms.katalon.core.keyword.internal.KeywordExecutor.executeKeywordForPlatform(KeywordExecutor.groovy:56)\r\n\tat com.kms.katalon.core.mobile.keyword.MobileBuiltInKeywords.tap(MobileBuiltInKeywords.groovy:471)\r\n\tat com.kms.katalon.core.mobile.keyword.MobileBuiltInKeywords$tap$1.call(Unknown Source)\r\n\tat Mobil Baru - MASTER FLOW.run(Mobil Baru - MASTER FLOW:53)\r\n\tat com.kms.katalon.core.main.ScriptEngine.run(ScriptEngine.java:194)\r\n\tat com.kms.katalon.core.main.ScriptEngine.runScriptAsRawText(ScriptEngine.java:119)\r\n\tat com.kms.katalon.core.main.TestCaseExecutor.runScript(TestCaseExecutor.java:337)\r\n\tat com.kms.katalon.core.main.TestCaseExecutor.doExecute(TestCaseExecutor.java:328)\r\n\tat com.kms.katalon.core.main.TestCaseExecutor.processExecutionPhase(TestCaseExecutor.java:307)\r\n\tat com.kms.katalon.core.main.TestCaseExecutor.accessMainPhase(TestCaseExecutor.java:299)\r\n\tat com.kms.katalon.core.main.TestCaseExecutor.execute(TestCaseExecutor.java:233)\r\n\tat com.kms.katalon.core.main.TestCaseMain.runTestCase(TestCaseMain.java:114)\r\n\tat com.kms.katalon.core.keyword.builtin.CallTestCaseKeyword$_callTestCase_closure1.doCall(CallTestCaseKeyword.groovy:59)\r\n\tat com.kms.katalon.core.keyword.builtin.CallTestCaseKeyword$_callTestCase_closure1.call(CallTestCaseKeyword.groovy)\r\n\tat com.kms.katalon.core.keyword.internal.KeywordMain.runKeyword(KeywordMain.groovy:68)\r\n\tat com.kms.katalon.core.keyword.builtin.CallTestCaseKeyword.callTestCase(CallTestCaseKeyword.groovy:81)\r\n\tat com.kms.katalon.core.keyword.builtin.CallTestCaseKeyword.execute(CallTestCaseKeyword.groovy:44)\r\n\tat com.kms.katalon.core.keyword.internal.KeywordExecutor.executeKeywordForPlatform(KeywordExecutor.groovy:56)\r\n\tat com.kms.katalon.core.keyword.BuiltinKeywords.callTestCase(BuiltinKeywords.groovy:334)\r\n\tat Mobil Baru.run(Mobil Baru:23)\r\n\tat com.kms.katalon.core.main.ScriptEngine.run(ScriptEngine.java:194)\r\n\tat com.kms.katalon.core.main.ScriptEngine.runScriptAsRawText(ScriptEngine.java:119)\r\n\tat com.kms.katalon.core.main.TestCaseExecutor.runScript(TestCaseExecutor.java:337)\r\n\tat com.kms.katalon.core.main.TestCaseExecutor.doExecute(TestCaseExecutor.java:328)\r\n\tat com.kms.katalon.core.main.TestCaseExecutor.processExecutionPhase(TestCaseExecutor.java:307)\r\n\tat com.kms.katalon.core.main.TestCaseExecutor.accessMainPhase(TestCaseExecutor.java:299)\r\n\tat com.kms.katalon.core.main.TestCaseExecutor.execute(TestCaseExecutor.java:233)\r\n\tat com.kms.katalon.core.main.TestSuiteExecutor.accessTestCaseMainPhase(TestSuiteExecutor.java:133)\r\n\tat com.kms.katalon.core.main.TestSuiteExecutor.accessTestSuiteMainPhase(TestSuiteExecutor.java:116)\r\n\tat com.kms.katalon.core.main.TestSuiteExecutor.execute(TestSuiteExecutor.java:83)\r\n\tat com.kms.katalon.core.main.TestCaseMain.startTestSuite(TestCaseMain.java:157)\r\n\tat com.kms.katalon.core.main.TestCaseMain$startTestSuite$0.call(Unknown Source)\r\n\tat TempTestSuite1561783921228.run(TempTestSuite1561783921228.groovy:35)\r\n</property>
  <property name="failed.exception.message">An unknown server-side error occurred while processing the command. Original error: Could not proxy command to remote server. Original error: Error: socket hang up (WARNING: The server did not provide any stacktrace information)\nCommand duration or timeout: 0 milliseconds\nBuild info: version: &apos;3.7.1&apos;, revision: &apos;8a0099a&apos;, time: &apos;2017-11-06T21:07:36.161Z&apos;\nSystem info: host: &apos;FATITQC15421L&apos;, ip: &apos;192.168.1.13&apos;, os.name: &apos;Windows 10&apos;, os.arch: &apos;amd64&apos;, os.version: &apos;10.0&apos;, java.version: &apos;1.8.0_181&apos;\nDriver info: com.kms.katalon.core.appium.driver.SwipeableAndroidDriver\nCapabilities {app: C:\\Users\\15421\\Katalon Stud..., appPackage: com.outsystemsenterprise.ac..., autoGrantPermissions: true, automationName: uiautomator2, databaseEnabled: false, desired: {app: C:\\Users\\15421\\Katalon Stud..., autoGrantPermissions: true, automationName: uiautomator2, deviceName: samsung SM-A750GN (Android ..., fullReset: false, newCommandTimeout: 1800, noReset: true, platform: ANDROID, platformName: Android, udid: 32009eef4a1fc583}, deviceApiLevel: 26, deviceManufacturer: samsung, deviceModel: SM-A750GN, deviceName: 32009eef4a1fc583, deviceScreenDensity: 420, deviceScreenSize: 1080x2220, deviceUDID: 32009eef4a1fc583, fullReset: false, javascriptEnabled: true, locationContextEnabled: false, networkConnectionEnabled: true, newCommandTimeout: 1800, noReset: true, pixelRatio: 2.625, platform: ANDROID, platformName: ANDROID, platformVersion: 8.0.0, statBarHeight: 63, takesScreenshot: true, udid: 32009eef4a1fc583, viewportRect: {height: 2157, left: 0, top: 63, width: 1080}, warnings: {}, webStorageEnabled: false}\nSession ID: 6fac7369-4bcb-4676-a8a7-7e0383713c84\n*** Element info: {Using=-android uiautomator, value=new UiSelector().className(\&quot;android.view.View\&quot;).resourceId(\&quot;b3-l6-0-txt_tahun\&quot;)}</property>
</record>
<record>
  <date>2019-06-29T11:55:00</date>
  <millis>1561784100136</millis>
  <sequence>243</sequence>
  <level>END</level>
  <class>com.kms.katalon.core.logging.XmlKeywordLogger</class>
  <method>endKeyword</method>
  <thread>1</thread>
  <message>End action : tap(findTestObject(\&amp;quot;Dashboard/Cari Mobil/Mobil Baru - non paket/MobilBaru_LOVTahun\&amp;quot;), 7, OPTIONAL)</message>
  <nestedLevel>1</nestedLevel>
</record>
<record>
  <date>2019-06-29T11:55:00</date>
  <millis>1561784100136</millis>
  <sequence>244</sequence>
  <level>START</level>
  <class>com.kms.katalon.core.logging.XmlKeywordLogger</class>
  <method>startKeyword</method>
  <thread>1</thread>
  <message>Start action : clearText(findTestObject(\&amp;quot;Dashboard/Cari Mobil/Mobil Baru - non paket/MobilBaru_InpOTR\&amp;quot;), 7, OPTIONAL)</message>
  <nestedLevel>1</nestedLevel>
  <property name="startLine">55</property>
  <property name="stepIndex">19</property>
</record>
