<?xml version="1.0" encoding="UTF-8" standalone="no"?>
<!DOCTYPE log SYSTEM "logger.dtd">
<log>
<record>
  <date>2019-06-28T21:36:42</date>
  <millis>1561732602285</millis>
  <sequence>0</sequence>
  <level>START</level>
  <class>com.kms.katalon.core.logging.XmlKeywordLogger</class>
  <method>startSuite</method>
  <thread>1</thread>
  <message>Start Test Suite : Test Suites/MOBILE_TS_Multiguna - data binding - page 2 (16-20)</message>
  <nestedLevel>0</nestedLevel>
  <property name="name">MOBILE_TS_Multiguna - data binding - page 2 (16-20)</property>
  <property name="description"></property>
  <property name="id">Test Suites/MOBILE_TS_Multiguna - data binding - page 2 (16-20)</property>
</record>
<record>
  <date>2019-06-28T21:36:42</date>
  <millis>1561732602331</millis>
  <sequence>1</sequence>
  <level>RUN_DATA</level>
  <class>com.kms.katalon.core.logging.XmlKeywordLogger</class>
  <method>logMessage</method>
  <thread>1</thread>
  <message>hostName = 15421 - FATITQC15421L.local</message>
  <nestedLevel>0</nestedLevel>
  <property name="hostName">15421 - FATITQC15421L.local</property>
</record>
<record>
  <date>2019-06-28T21:36:42</date>
  <millis>1561732602334</millis>
  <sequence>2</sequence>
  <level>RUN_DATA</level>
  <class>com.kms.katalon.core.logging.XmlKeywordLogger</class>
  <method>logMessage</method>
  <thread>1</thread>
  <message>os = Windows 10 64bit</message>
  <nestedLevel>0</nestedLevel>
  <property name="os">Windows 10 64bit</property>
</record>
<record>
  <date>2019-06-28T21:36:42</date>
  <millis>1561732602336</millis>
  <sequence>3</sequence>
  <level>RUN_DATA</level>
  <class>com.kms.katalon.core.logging.XmlKeywordLogger</class>
  <method>logMessage</method>
  <thread>1</thread>
  <message>hostAddress = 192.168.1.13</message>
  <nestedLevel>0</nestedLevel>
  <property name="hostAddress">192.168.1.13</property>
</record>
<record>
  <date>2019-06-28T21:36:42</date>
  <millis>1561732602345</millis>
  <sequence>4</sequence>
  <level>RUN_DATA</level>
  <class>com.kms.katalon.core.logging.XmlKeywordLogger</class>
  <method>logMessage</method>
  <thread>1</thread>
  <message>katalonVersion = 6.1.5.3</message>
  <nestedLevel>0</nestedLevel>
  <property name="katalonVersion">6.1.5.3</property>
</record>
<record>
  <date>2019-06-28T21:36:42</date>
  <millis>1561732602906</millis>
  <sequence>5</sequence>
  <level>START</level>
  <class>com.kms.katalon.core.logging.XmlKeywordLogger</class>
  <method>startTest</method>
  <thread>1</thread>
  <message>Start Test Case : Test Cases/Dashboard/Cari Dana/multiguna/flow data binding/Multiguna - page 2</message>
  <nestedLevel>1</nestedLevel>
  <property name="name">Test Cases/Dashboard/Cari Dana/multiguna/flow data binding/Multiguna - page 2</property>
  <property name="description">pre = user sudah login, user sudah upload KTP, user sudah input page 1\n\ntesting untuk inputan data baik negative maupun positive di menu multiguna page kedua.\nPASS = halaman pindah ke page ketiga\nDISABLEDBUTTON = button tidak dapat di klik dan tidak ke page ketiga</property>
  <property name="id">Test Cases/Dashboard/Cari Dana/multiguna/flow data binding/Multiguna - page 2</property>
  <property name="source">C:\\Users\\15421\\Katalon Studio\\accupdate4april\\accupdate4april\\Test Cases\\Dashboard\\Cari Dana\\multiguna\\flow data binding\\Multiguna - page 2.tc</property>
  <property name="tag"></property>
  <property name="isOptional">false</property>
</record>
<record>
  <date>2019-06-28T21:36:42</date>
  <millis>1561732602980</millis>
  <sequence>7</sequence>
  <level>INFO</level>
  <class>com.kms.katalon.core.logging.XmlKeywordLogger</class>
  <method>logMessage</method>
  <thread>1</thread>
  <message>varDana = 150000000</message>
  <nestedLevel>1</nestedLevel>
</record>
<record>
  <date>2019-06-28T21:36:42</date>
  <millis>1561732602981</millis>
  <sequence>8</sequence>
  <level>INFO</level>
  <class>com.kms.katalon.core.logging.XmlKeywordLogger</class>
  <method>logMessage</method>
  <thread>1</thread>
  <message>varPeriode = 24</message>
  <nestedLevel>1</nestedLevel>
</record>
<record>
  <date>2019-06-28T21:36:42</date>
  <millis>1561732602982</millis>
  <sequence>9</sequence>
  <level>INFO</level>
  <class>com.kms.katalon.core.logging.XmlKeywordLogger</class>
  <method>logMessage</method>
  <thread>1</thread>
  <message>varTujuanPeminjaman = Pendidikan</message>
  <nestedLevel>1</nestedLevel>
</record>
<record>
  <date>2019-06-28T21:36:42</date>
  <millis>1561732602982</millis>
  <sequence>10</sequence>
  <level>INFO</level>
  <class>com.kms.katalon.core.logging.XmlKeywordLogger</class>
  <method>logMessage</method>
  <thread>1</thread>
  <message>varAreaPengajuan = `~!@#$%^&amp;amp;*()_+[]\\[]\\;&amp;apos;;&amp;apos;,./&amp;lt;&amp;gt;?</message>
  <nestedLevel>1</nestedLevel>
</record>
<record>
  <date>2019-06-28T21:36:42</date>
  <millis>1561732602982</millis>
  <sequence>11</sequence>
  <level>INFO</level>
  <class>com.kms.katalon.core.logging.XmlKeywordLogger</class>
  <method>logMessage</method>
  <thread>1</thread>
  <message>varCabang = FATMAWATI</message>
  <nestedLevel>1</nestedLevel>
</record>
<record>
  <date>2019-06-28T21:36:42</date>
  <millis>1561732602982</millis>
  <sequence>12</sequence>
  <level>INFO</level>
  <class>com.kms.katalon.core.logging.XmlKeywordLogger</class>
  <method>logMessage</method>
  <thread>1</thread>
  <message>varExpectedResult = DISABLEDBUTTON</message>
  <nestedLevel>1</nestedLevel>
</record>
<record>
  <date>2019-06-28T21:36:43</date>
  <millis>1561732603962</millis>
  <sequence>13</sequence>
  <level>START</level>
  <class>com.kms.katalon.core.logging.XmlKeywordLogger</class>
  <method>startKeyword</method>
  <thread>1</thread>
  <message>Start action : callTestCase(findTestCase(\&amp;quot;Open application\&amp;quot;), [:], STOP_ON_FAILURE)</message>
  <nestedLevel>1</nestedLevel>
  <property name="startLine">18</property>
  <property name="stepIndex">1</property>
</record>
<record>
  <date>2019-06-28T21:36:44</date>
  <millis>1561732604356</millis>
  <sequence>16</sequence>
  <level>START</level>
  <class>com.kms.katalon.core.logging.XmlKeywordLogger</class>
  <method>startTest</method>
  <thread>1</thread>
  <message>Start Test Case : Test Cases/Open application</message>
  <nestedLevel>2</nestedLevel>
  <property name="name">Test Cases/Open application</property>
  <property name="description"></property>
  <property name="id">Test Cases/Open application</property>
  <property name="source">C:\\Users\\15421\\Katalon Studio\\accupdate4april\\accupdate4april\\Test Cases\\Open application.tc</property>
  <property name="tag"></property>
  <property name="isOptional">false</property>
</record>
<record>
  <date>2019-06-28T21:36:45</date>
  <millis>1561732605155</millis>
  <sequence>18</sequence>
  <level>START</level>
  <class>com.kms.katalon.core.logging.XmlKeywordLogger</class>
  <method>startKeyword</method>
  <thread>1</thread>
  <message>Start action : appPath = relativeToAbsolutePath(apkname, getProjectDir())</message>
  <nestedLevel>1</nestedLevel>
  <property name="startLine">19</property>
  <property name="stepIndex">1</property>
  <property name="description">required for PathUtil to get the current app path</property>
</record>
<record>
  <date>2019-06-28T21:36:45</date>
  <millis>1561732605656</millis>
  <sequence>19</sequence>
  <level>END</level>
  <class>com.kms.katalon.core.logging.XmlKeywordLogger</class>
  <method>endKeyword</method>
  <thread>1</thread>
  <message>End action : appPath = relativeToAbsolutePath(apkname, getProjectDir())</message>
  <nestedLevel>1</nestedLevel>
</record>
<record>
  <date>2019-06-28T21:36:45</date>
  <millis>1561732605657</millis>
  <sequence>20</sequence>
  <level>START</level>
  <class>com.kms.katalon.core.logging.XmlKeywordLogger</class>
  <method>startKeyword</method>
  <thread>1</thread>
  <message>Start action : startApplication(appPath, false)</message>
  <nestedLevel>1</nestedLevel>
  <property name="startLine">21</property>
  <property name="stepIndex">2</property>
</record>
