<?xml version="1.0" encoding="UTF-8" standalone="no"?>
<!DOCTYPE log SYSTEM "logger.dtd">
<log>
<record>
  <date>2019-06-10T20:48:56</date>
  <millis>1560174536835</millis>
  <sequence>0</sequence>
  <level>START</level>
  <class>com.kms.katalon.core.logging.XmlKeywordLogger</class>
  <method>startSuite</method>
  <thread>1</thread>
  <message>Start Test Suite : Test Suites/MOBILE_TS_Multiguna - flow hapus 2 karakter - page 1</message>
  <nestedLevel>0</nestedLevel>
  <property name="name">MOBILE_TS_Multiguna - flow hapus 2 karakter - page 1</property>
  <property name="description"></property>
  <property name="id">Test Suites/MOBILE_TS_Multiguna - flow hapus 2 karakter - page 1</property>
</record>
<record>
  <date>2019-06-10T20:48:56</date>
  <millis>1560174536873</millis>
  <sequence>1</sequence>
  <level>RUN_DATA</level>
  <class>com.kms.katalon.core.logging.XmlKeywordLogger</class>
  <method>logMessage</method>
  <thread>1</thread>
  <message>hostName = 15421 - FATITQC15421L.local</message>
  <nestedLevel>0</nestedLevel>
  <property name="hostName">15421 - FATITQC15421L.local</property>
</record>
<record>
  <date>2019-06-10T20:48:56</date>
  <millis>1560174536875</millis>
  <sequence>2</sequence>
  <level>RUN_DATA</level>
  <class>com.kms.katalon.core.logging.XmlKeywordLogger</class>
  <method>logMessage</method>
  <thread>1</thread>
  <message>os = Windows 10 64bit</message>
  <nestedLevel>0</nestedLevel>
  <property name="os">Windows 10 64bit</property>
</record>
<record>
  <date>2019-06-10T20:48:56</date>
  <millis>1560174536876</millis>
  <sequence>3</sequence>
  <level>RUN_DATA</level>
  <class>com.kms.katalon.core.logging.XmlKeywordLogger</class>
  <method>logMessage</method>
  <thread>1</thread>
  <message>hostAddress = 192.168.1.10</message>
  <nestedLevel>0</nestedLevel>
  <property name="hostAddress">192.168.1.10</property>
</record>
<record>
  <date>2019-06-10T20:48:56</date>
  <millis>1560174536878</millis>
  <sequence>4</sequence>
  <level>RUN_DATA</level>
  <class>com.kms.katalon.core.logging.XmlKeywordLogger</class>
  <method>logMessage</method>
  <thread>1</thread>
  <message>katalonVersion = 6.1.5.3</message>
  <nestedLevel>0</nestedLevel>
  <property name="katalonVersion">6.1.5.3</property>
</record>
<record>
  <date>2019-06-10T20:48:57</date>
  <millis>1560174537432</millis>
  <sequence>5</sequence>
  <level>START</level>
  <class>com.kms.katalon.core.logging.XmlKeywordLogger</class>
  <method>startTest</method>
  <thread>1</thread>
  <message>Start Test Case : Test Cases/Dashboard/Cari Dana/multiguna/flow hapus 2 karakter/page 1/Multiguna - page 1 - hapus brand</message>
  <nestedLevel>1</nestedLevel>
  <property name="name">Test Cases/Dashboard/Cari Dana/multiguna/flow hapus 2 karakter/page 1/Multiguna - page 1 - hapus brand</property>
  <property name="description"></property>
  <property name="id">Test Cases/Dashboard/Cari Dana/multiguna/flow hapus 2 karakter/page 1/Multiguna - page 1 - hapus brand</property>
  <property name="source">C:\\Users\\15421\\Katalon Studio\\accupdate4april\\accupdate4april\\Test Cases\\Dashboard\\Cari Dana\\multiguna\\flow hapus 2 karakter\\page 1\\Multiguna - page 1 - hapus brand.tc</property>
  <property name="tag"></property>
  <property name="isOptional">false</property>
</record>
<record>
  <date>2019-06-10T20:48:57</date>
  <millis>1560174537702</millis>
  <sequence>7</sequence>
  <level>INFO</level>
  <class>com.kms.katalon.core.logging.XmlKeywordLogger</class>
  <method>logMessage</method>
  <thread>1</thread>
  <message>(Default) varBPKB = Y</message>
  <nestedLevel>1</nestedLevel>
</record>
<record>
  <date>2019-06-10T20:48:57</date>
  <millis>1560174537724</millis>
  <sequence>8</sequence>
  <level>INFO</level>
  <class>com.kms.katalon.core.logging.XmlKeywordLogger</class>
  <method>logMessage</method>
  <thread>1</thread>
  <message>(Default) varExistingNew = New</message>
  <nestedLevel>1</nestedLevel>
</record>
<record>
  <date>2019-06-10T20:48:57</date>
  <millis>1560174537744</millis>
  <sequence>9</sequence>
  <level>INFO</level>
  <class>com.kms.katalon.core.logging.XmlKeywordLogger</class>
  <method>logMessage</method>
  <thread>1</thread>
  <message>(Default) varBrand = DAIHATSU</message>
  <nestedLevel>1</nestedLevel>
</record>
<record>
  <date>2019-06-10T20:48:57</date>
  <millis>1560174537761</millis>
  <sequence>10</sequence>
  <level>INFO</level>
  <class>com.kms.katalon.core.logging.XmlKeywordLogger</class>
  <method>logMessage</method>
  <thread>1</thread>
  <message>(Default) varType = AYLA</message>
  <nestedLevel>1</nestedLevel>
</record>
<record>
  <date>2019-06-10T20:48:57</date>
  <millis>1560174537781</millis>
  <sequence>11</sequence>
  <level>INFO</level>
  <class>com.kms.katalon.core.logging.XmlKeywordLogger</class>
  <method>logMessage</method>
  <thread>1</thread>
  <message>(Default) varModel = T:1.0 M M/T NEW</message>
  <nestedLevel>1</nestedLevel>
</record>
<record>
  <date>2019-06-10T20:48:57</date>
  <millis>1560174537799</millis>
  <sequence>12</sequence>
  <level>INFO</level>
  <class>com.kms.katalon.core.logging.XmlKeywordLogger</class>
  <method>logMessage</method>
  <thread>1</thread>
  <message>(Default) varTahun = 2018</message>
  <nestedLevel>1</nestedLevel>
</record>
<record>
  <date>2019-06-10T20:48:57</date>
  <millis>1560174537820</millis>
  <sequence>13</sequence>
  <level>INFO</level>
  <class>com.kms.katalon.core.logging.XmlKeywordLogger</class>
  <method>logMessage</method>
  <thread>1</thread>
  <message>(Default) varExpectedResult = DISABLEDBUTTON</message>
  <nestedLevel>1</nestedLevel>
</record>
