<?xml version="1.0" encoding="UTF-8" standalone="no"?>
<!DOCTYPE log SYSTEM "logger.dtd">
<log>
<record>
  <date>2019-03-28T15:41:21</date>
  <millis>1553762481948</millis>
  <sequence>0</sequence>
  <level>START</level>
  <class>com.kms.katalon.core.logging.XmlKeywordLogger</class>
  <method>startSuite</method>
  <thread>1</thread>
  <message>Start Test Suite : Test Suites/lease/flow data binding/lease</message>
  <nestedLevel>0</nestedLevel>
  <property name="name">lease</property>
  <property name="description"></property>
  <property name="id">Test Suites/lease/flow data binding/lease</property>
</record>
<record>
  <date>2019-03-28T15:41:21</date>
  <millis>1553762481972</millis>
  <sequence>1</sequence>
  <level>RUN_DATA</level>
  <class>com.kms.katalon.core.logging.XmlKeywordLogger</class>
  <method>logMessage</method>
  <thread>1</thread>
  <message>hostName = 08944 - 10.7.8.159</message>
  <nestedLevel>0</nestedLevel>
  <property name="hostName">08944 - 10.7.8.159</property>
</record>
<record>
  <date>2019-03-28T15:41:21</date>
  <millis>1553762481973</millis>
  <sequence>2</sequence>
  <level>RUN_DATA</level>
  <class>com.kms.katalon.core.logging.XmlKeywordLogger</class>
  <method>logMessage</method>
  <thread>1</thread>
  <message>os = Windows 7 64bit</message>
  <nestedLevel>0</nestedLevel>
  <property name="os">Windows 7 64bit</property>
</record>
<record>
  <date>2019-03-28T15:41:21</date>
  <millis>1553762481974</millis>
  <sequence>3</sequence>
  <level>RUN_DATA</level>
  <class>com.kms.katalon.core.logging.XmlKeywordLogger</class>
  <method>logMessage</method>
  <thread>1</thread>
  <message>hostAddress = 10.7.8.159</message>
  <nestedLevel>0</nestedLevel>
  <property name="hostAddress">10.7.8.159</property>
</record>
<record>
  <date>2019-03-28T15:41:21</date>
  <millis>1553762481977</millis>
  <sequence>4</sequence>
  <level>RUN_DATA</level>
  <class>com.kms.katalon.core.logging.XmlKeywordLogger</class>
  <method>logMessage</method>
  <thread>1</thread>
  <message>katalonVersion = 6.0.5.4</message>
  <nestedLevel>0</nestedLevel>
  <property name="katalonVersion">6.0.5.4</property>
</record>
