<?xml version="1.0" encoding="UTF-8" standalone="no"?>
<!DOCTYPE log SYSTEM "logger.dtd">
<log>
<record>
  <date>2019-03-31T18:42:21</date>
  <millis>1554032541769</millis>
  <sequence>0</sequence>
  <level>START</level>
  <class>com.kms.katalon.core.logging.XmlKeywordLogger</class>
  <method>startSuite</method>
  <thread>1</thread>
  <message>Start Test Suite : Test Suites/Login</message>
  <nestedLevel>0</nestedLevel>
  <property name="name">Login</property>
  <property name="description"></property>
  <property name="id">Test Suites/Login</property>
</record>
<record>
  <date>2019-03-31T18:42:21</date>
  <millis>1554032541780</millis>
  <sequence>1</sequence>
  <level>RUN_DATA</level>
  <class>com.kms.katalon.core.logging.XmlKeywordLogger</class>
  <method>logMessage</method>
  <thread>1</thread>
  <message>hostName = tomyhidayat - 192.168.50.5</message>
  <nestedLevel>0</nestedLevel>
  <property name="hostName">tomyhidayat - 192.168.50.5</property>
</record>
<record>
  <date>2019-03-31T18:42:21</date>
  <millis>1554032541781</millis>
  <sequence>2</sequence>
  <level>RUN_DATA</level>
  <class>com.kms.katalon.core.logging.XmlKeywordLogger</class>
  <method>logMessage</method>
  <thread>1</thread>
  <message>os = Mac OS X 64bit</message>
  <nestedLevel>0</nestedLevel>
  <property name="os">Mac OS X 64bit</property>
</record>
<record>
  <date>2019-03-31T18:42:21</date>
  <millis>1554032541781</millis>
  <sequence>3</sequence>
  <level>RUN_DATA</level>
  <class>com.kms.katalon.core.logging.XmlKeywordLogger</class>
  <method>logMessage</method>
  <thread>1</thread>
  <message>hostAddress = 192.168.50.5</message>
  <nestedLevel>0</nestedLevel>
  <property name="hostAddress">192.168.50.5</property>
</record>
<record>
  <date>2019-03-31T18:42:21</date>
  <millis>1554032541783</millis>
  <sequence>4</sequence>
  <level>RUN_DATA</level>
  <class>com.kms.katalon.core.logging.XmlKeywordLogger</class>
  <method>logMessage</method>
  <thread>1</thread>
  <message>katalonVersion = 6.0.5.4</message>
  <nestedLevel>0</nestedLevel>
  <property name="katalonVersion">6.0.5.4</property>
</record>
<record>
  <date>2019-03-31T18:42:21</date>
  <millis>1554032541943</millis>
  <sequence>5</sequence>
  <level>START</level>
  <class>com.kms.katalon.core.logging.XmlKeywordLogger</class>
  <method>startTest</method>
  <thread>1</thread>
  <message>Start Test Case : Test Cases/Dashboard/Login/Login</message>
  <nestedLevel>1</nestedLevel>
  <property name="name">Test Cases/Dashboard/Login/Login</property>
  <property name="description"></property>
  <property name="id">Test Cases/Dashboard/Login/Login</property>
  <property name="source">\\Users\\tomyhidayat\\Documents\\OneDrive\\comp\\ACC\\katalon_sourcecode\\acc-implementation\\accone-mobile\\Test Cases\\Dashboard\\Login\\Login.tc</property>
  <property name="isOptional">false</property>
</record>
<record>
  <date>2019-03-31T18:42:21</date>
  <millis>1554032541965</millis>
  <sequence>7</sequence>
  <level>INFO</level>
  <class>com.kms.katalon.core.logging.XmlKeywordLogger</class>
  <method>logMessage</method>
  <thread>1</thread>
  <message>varUsername = emailsalah@a.c</message>
  <nestedLevel>1</nestedLevel>
</record>
<record>
  <date>2019-03-31T18:42:21</date>
  <millis>1554032541965</millis>
  <sequence>8</sequence>
  <level>INFO</level>
  <class>com.kms.katalon.core.logging.XmlKeywordLogger</class>
  <method>logMessage</method>
  <thread>1</thread>
  <message>varPassword = Passwordsalah</message>
  <nestedLevel>1</nestedLevel>
</record>
<record>
  <date>2019-03-31T18:42:21</date>
  <millis>1554032541965</millis>
  <sequence>9</sequence>
  <level>INFO</level>
  <class>com.kms.katalon.core.logging.XmlKeywordLogger</class>
  <method>logMessage</method>
  <thread>1</thread>
  <message>varExpectedResult = FAIL</message>
  <nestedLevel>1</nestedLevel>
</record>
<record>
  <date>2019-03-31T18:42:22</date>
  <millis>1554032542193</millis>
  <sequence>10</sequence>
  <level>START</level>
  <class>com.kms.katalon.core.logging.XmlKeywordLogger</class>
  <method>startKeyword</method>
  <thread>1</thread>
  <message>Start action : appPath = relativeToAbsolutePath(apkname, getProjectDir())</message>
  <nestedLevel>1</nestedLevel>
  <property name="startLine">19</property>
  <property name="stepIndex">1</property>
  <property name="description">required for PathUtil to get the current app path</property>
</record>
<record>
  <date>2019-03-31T18:42:22</date>
  <millis>1554032542253</millis>
  <sequence>11</sequence>
  <level>END</level>
  <class>com.kms.katalon.core.logging.XmlKeywordLogger</class>
  <method>endKeyword</method>
  <thread>1</thread>
  <message>End action : appPath = relativeToAbsolutePath(apkname, getProjectDir())</message>
  <nestedLevel>1</nestedLevel>
</record>
<record>
  <date>2019-03-31T18:42:22</date>
  <millis>1554032542256</millis>
  <sequence>12</sequence>
  <level>START</level>
  <class>com.kms.katalon.core.logging.XmlKeywordLogger</class>
  <method>startKeyword</method>
  <thread>1</thread>
  <message>Start action : startApplication(appPath, false)</message>
  <nestedLevel>1</nestedLevel>
  <property name="startLine">21</property>
  <property name="stepIndex">2</property>
</record>
<record>
  <date>2019-03-31T18:42:24</date>
  <millis>1554032544337</millis>
  <sequence>14</sequence>
  <level>INFO</level>
  <class>com.kms.katalon.core.logging.XmlKeywordLogger</class>
  <method>logMessage</method>
  <thread>1</thread>
  <message>Appium server started on port 60,532</message>
  <nestedLevel>1</nestedLevel>
</record>
<record>
  <date>2019-03-31T18:42:32</date>
  <millis>1554032552657</millis>
  <sequence>16</sequence>
  <level>RUN_DATA</level>
  <class>com.kms.katalon.core.logging.XmlKeywordLogger</class>
  <method>logMessage</method>
  <thread>1</thread>
  <message>appiumVersion = 1.8.1</message>
  <nestedLevel>1</nestedLevel>
  <property name="appiumVersion">1.8.1</property>
</record>
<record>
  <date>2019-03-31T18:42:32</date>
  <millis>1554032552677</millis>
  <sequence>17</sequence>
  <level>RUN_DATA</level>
  <class>com.kms.katalon.core.logging.XmlKeywordLogger</class>
  <method>logMessage</method>
  <thread>1</thread>
  <message>deviceId = emulator-5554</message>
  <nestedLevel>1</nestedLevel>
  <property name="deviceId">emulator-5554</property>
</record>
<record>
  <date>2019-03-31T18:42:32</date>
  <millis>1554032552677</millis>
  <sequence>18</sequence>
  <level>RUN_DATA</level>
  <class>com.kms.katalon.core.logging.XmlKeywordLogger</class>
  <method>logMessage</method>
  <thread>1</thread>
  <message>deviceName = emulator-5554 (Android SDK built for x86 - Android 8.1.0)</message>
  <nestedLevel>1</nestedLevel>
  <property name="deviceName">emulator-5554 (Android SDK built for x86 - Android 8.1.0)</property>
</record>
<record>
  <date>2019-03-31T18:42:32</date>
  <millis>1554032552678</millis>
  <sequence>19</sequence>
  <level>RUN_DATA</level>
  <class>com.kms.katalon.core.logging.XmlKeywordLogger</class>
  <method>logMessage</method>
  <thread>1</thread>
  <message>deviceModel = Android SDK built for x86</message>
  <nestedLevel>1</nestedLevel>
  <property name="deviceModel">Android SDK built for x86</property>
</record>
<record>
  <date>2019-03-31T18:42:32</date>
  <millis>1554032552678</millis>
  <sequence>20</sequence>
  <level>RUN_DATA</level>
  <class>com.kms.katalon.core.logging.XmlKeywordLogger</class>
  <method>logMessage</method>
  <thread>1</thread>
  <message>deviceManufacturer = Google</message>
  <nestedLevel>1</nestedLevel>
  <property name="deviceManufacturer">Google</property>
</record>
<record>
  <date>2019-03-31T18:42:32</date>
  <millis>1554032552679</millis>
  <sequence>21</sequence>
  <level>RUN_DATA</level>
  <class>com.kms.katalon.core.logging.XmlKeywordLogger</class>
  <method>logMessage</method>
  <thread>1</thread>
  <message>deviceOS = Android</message>
  <nestedLevel>1</nestedLevel>
  <property name="deviceOS">Android</property>
</record>
<record>
  <date>2019-03-31T18:42:32</date>
  <millis>1554032552679</millis>
  <sequence>22</sequence>
  <level>RUN_DATA</level>
  <class>com.kms.katalon.core.logging.XmlKeywordLogger</class>
  <method>logMessage</method>
  <thread>1</thread>
  <message>deviceOSVersion = 8.1.0</message>
  <nestedLevel>1</nestedLevel>
  <property name="deviceOSVersion">8.1.0</property>
</record>
<record>
  <date>2019-03-31T18:42:32</date>
  <millis>1554032552684</millis>
  <sequence>23</sequence>
  <level>PASSED</level>
  <class>com.kms.katalon.core.logging.XmlKeywordLogger</class>
  <method>logMessage</method>
  <thread>1</thread>
  <message>Started app at: &amp;apos;/Users/tomyhidayat/Documents/OneDrive/comp/ACC/katalon_sourcecode/acc-implementation/accone-mobile/AccWorld.apk&amp;apos;</message>
  <nestedLevel>1</nestedLevel>
</record>
<record>
  <date>2019-03-31T18:42:32</date>
  <millis>1554032552684</millis>
  <sequence>24</sequence>
  <level>END</level>
  <class>com.kms.katalon.core.logging.XmlKeywordLogger</class>
  <method>endKeyword</method>
  <thread>1</thread>
  <message>End action : startApplication(appPath, false)</message>
  <nestedLevel>1</nestedLevel>
</record>
<record>
  <date>2019-03-31T18:42:32</date>
  <millis>1554032552684</millis>
  <sequence>25</sequence>
  <level>START</level>
  <class>com.kms.katalon.core.logging.XmlKeywordLogger</class>
  <method>startKeyword</method>
  <thread>1</thread>
  <message>Start action : waitForElementPresent(findTestObject(\&amp;quot;Dashboard/Dashboard_MenuLogin\&amp;quot;), 0)</message>
  <nestedLevel>1</nestedLevel>
  <property name="startLine">23</property>
  <property name="stepIndex">3</property>
</record>
<record>
  <date>2019-03-31T18:42:32</date>
  <millis>1554032552720</millis>
  <sequence>29</sequence>
  <level>WARNING</level>
  <class>com.kms.katalon.core.logging.XmlKeywordLogger</class>
  <method>logMessage</method>
  <thread>1</thread>
  <message>Timeout &amp;apos;0&amp;apos; is invalid. Using default page load timeout: &amp;apos;30&amp;apos;</message>
  <nestedLevel>1</nestedLevel>
</record>
<record>
  <date>2019-03-31T18:42:38</date>
  <millis>1554032558438</millis>
  <sequence>30</sequence>
  <level>PASSED</level>
  <class>com.kms.katalon.core.logging.XmlKeywordLogger</class>
  <method>logMessage</method>
  <thread>1</thread>
  <message>Element &amp;apos;Object Repository/Dashboard/Dashboard_MenuLogin&amp;apos; is present</message>
  <nestedLevel>1</nestedLevel>
</record>
<record>
  <date>2019-03-31T18:42:38</date>
  <millis>1554032558438</millis>
  <sequence>31</sequence>
  <level>END</level>
  <class>com.kms.katalon.core.logging.XmlKeywordLogger</class>
  <method>endKeyword</method>
  <thread>1</thread>
  <message>End action : waitForElementPresent(findTestObject(\&amp;quot;Dashboard/Dashboard_MenuLogin\&amp;quot;), 0)</message>
  <nestedLevel>1</nestedLevel>
</record>
<record>
  <date>2019-03-31T18:42:38</date>
  <millis>1554032558439</millis>
  <sequence>32</sequence>
  <level>START</level>
  <class>com.kms.katalon.core.logging.XmlKeywordLogger</class>
  <method>startKeyword</method>
  <thread>1</thread>
  <message>Start action : tap(findTestObject(\&amp;quot;Dashboard/Dashboard_MenuLogin\&amp;quot;), 0)</message>
  <nestedLevel>1</nestedLevel>
  <property name="startLine">34</property>
  <property name="stepIndex">4</property>
</record>
<record>
  <date>2019-03-31T18:42:38</date>
  <millis>1554032558451</millis>
  <sequence>36</sequence>
  <level>WARNING</level>
  <class>com.kms.katalon.core.logging.XmlKeywordLogger</class>
  <method>logMessage</method>
  <thread>1</thread>
  <message>Timeout &amp;apos;0&amp;apos; is invalid. Using default page load timeout: &amp;apos;30&amp;apos;</message>
  <nestedLevel>1</nestedLevel>
</record>
<record>
  <date>2019-03-31T18:42:40</date>
  <millis>1554032560441</millis>
  <sequence>37</sequence>
  <level>PASSED</level>
  <class>com.kms.katalon.core.logging.XmlKeywordLogger</class>
  <method>logMessage</method>
  <thread>1</thread>
  <message>Tapped on element &amp;apos;Object Repository/Dashboard/Dashboard_MenuLogin&amp;apos;</message>
  <nestedLevel>1</nestedLevel>
</record>
<record>
  <date>2019-03-31T18:42:40</date>
  <millis>1554032560441</millis>
  <sequence>38</sequence>
  <level>END</level>
  <class>com.kms.katalon.core.logging.XmlKeywordLogger</class>
  <method>endKeyword</method>
  <thread>1</thread>
  <message>End action : tap(findTestObject(\&amp;quot;Dashboard/Dashboard_MenuLogin\&amp;quot;), 0)</message>
  <nestedLevel>1</nestedLevel>
</record>
<record>
  <date>2019-03-31T18:42:40</date>
  <millis>1554032560442</millis>
  <sequence>39</sequence>
  <level>START</level>
  <class>com.kms.katalon.core.logging.XmlKeywordLogger</class>
  <method>startKeyword</method>
  <thread>1</thread>
  <message>Start action : setText(findTestObject(\&amp;quot;Dashboard/Login/Login_InpEmail\&amp;quot;), varUsername, 0)</message>
  <nestedLevel>1</nestedLevel>
  <property name="startLine">36</property>
  <property name="stepIndex">5</property>
</record>
<record>
  <date>2019-03-31T18:42:40</date>
  <millis>1554032560461</millis>
  <sequence>43</sequence>
  <level>WARNING</level>
  <class>com.kms.katalon.core.logging.XmlKeywordLogger</class>
  <method>logMessage</method>
  <thread>1</thread>
  <message>Timeout &amp;apos;0&amp;apos; is invalid. Using default page load timeout: &amp;apos;30&amp;apos;</message>
  <nestedLevel>1</nestedLevel>
</record>
<record>
  <date>2019-03-31T18:42:40</date>
  <millis>1554032560890</millis>
  <sequence>44</sequence>
  <level>PASSED</level>
  <class>com.kms.katalon.core.logging.XmlKeywordLogger</class>
  <method>logMessage</method>
  <thread>1</thread>
  <message>Text &amp;apos;motola.cihuyy2k@gmail.com&amp;apos; has been set to element &amp;apos;Object Repository/Dashboard/Login/Login_InpEmail&amp;apos;</message>
  <nestedLevel>1</nestedLevel>
</record>
<record>
  <date>2019-03-31T18:42:40</date>
  <millis>1554032560891</millis>
  <sequence>45</sequence>
  <level>END</level>
  <class>com.kms.katalon.core.logging.XmlKeywordLogger</class>
  <method>endKeyword</method>
  <thread>1</thread>
  <message>End action : setText(findTestObject(\&amp;quot;Dashboard/Login/Login_InpEmail\&amp;quot;), varUsername, 0)</message>
  <nestedLevel>1</nestedLevel>
</record>
<record>
  <date>2019-03-31T18:42:40</date>
  <millis>1554032560891</millis>
  <sequence>46</sequence>
  <level>START</level>
  <class>com.kms.katalon.core.logging.XmlKeywordLogger</class>
  <method>startKeyword</method>
  <thread>1</thread>
  <message>Start action : setText(findTestObject(\&amp;quot;Dashboard/Login/Login_InpPassword\&amp;quot;), varPassword, 0)</message>
  <nestedLevel>1</nestedLevel>
  <property name="startLine">38</property>
  <property name="stepIndex">6</property>
</record>
<record>
  <date>2019-03-31T18:42:40</date>
  <millis>1554032560907</millis>
  <sequence>50</sequence>
  <level>WARNING</level>
  <class>com.kms.katalon.core.logging.XmlKeywordLogger</class>
  <method>logMessage</method>
  <thread>1</thread>
  <message>Timeout &amp;apos;0&amp;apos; is invalid. Using default page load timeout: &amp;apos;30&amp;apos;</message>
  <nestedLevel>1</nestedLevel>
</record>
<record>
  <date>2019-03-31T18:42:42</date>
  <millis>1554032562114</millis>
  <sequence>51</sequence>
  <level>PASSED</level>
  <class>com.kms.katalon.core.logging.XmlKeywordLogger</class>
  <method>logMessage</method>
  <thread>1</thread>
  <message>Text &amp;apos;Passwordsalah&amp;apos; has been set to element &amp;apos;Object Repository/Dashboard/Login/Login_InpPassword&amp;apos;</message>
  <nestedLevel>1</nestedLevel>
</record>
<record>
  <date>2019-03-31T18:42:42</date>
  <millis>1554032562115</millis>
  <sequence>52</sequence>
  <level>END</level>
  <class>com.kms.katalon.core.logging.XmlKeywordLogger</class>
  <method>endKeyword</method>
  <thread>1</thread>
  <message>End action : setText(findTestObject(\&amp;quot;Dashboard/Login/Login_InpPassword\&amp;quot;), varPassword, 0)</message>
  <nestedLevel>1</nestedLevel>
</record>
<record>
  <date>2019-03-31T18:42:42</date>
  <millis>1554032562115</millis>
  <sequence>53</sequence>
  <level>START</level>
  <class>com.kms.katalon.core.logging.XmlKeywordLogger</class>
  <method>startKeyword</method>
  <thread>1</thread>
  <message>Start action : tap(findTestObject(\&amp;quot;Dashboard/Login/Login_BtnMasuk\&amp;quot;), 0)</message>
  <nestedLevel>1</nestedLevel>
  <property name="startLine">40</property>
  <property name="stepIndex">7</property>
</record>
<record>
  <date>2019-03-31T18:42:42</date>
  <millis>1554032562129</millis>
  <sequence>57</sequence>
  <level>WARNING</level>
  <class>com.kms.katalon.core.logging.XmlKeywordLogger</class>
  <method>logMessage</method>
  <thread>1</thread>
  <message>Timeout &amp;apos;0&amp;apos; is invalid. Using default page load timeout: &amp;apos;30&amp;apos;</message>
  <nestedLevel>1</nestedLevel>
</record>
<record>
  <date>2019-03-31T18:42:46</date>
  <millis>1554032566100</millis>
  <sequence>58</sequence>
  <level>PASSED</level>
  <class>com.kms.katalon.core.logging.XmlKeywordLogger</class>
  <method>logMessage</method>
  <thread>1</thread>
  <message>Tapped on element &amp;apos;Object Repository/Dashboard/Login/Login_BtnMasuk&amp;apos;</message>
  <nestedLevel>1</nestedLevel>
</record>
<record>
  <date>2019-03-31T18:42:46</date>
  <millis>1554032566100</millis>
  <sequence>59</sequence>
  <level>END</level>
  <class>com.kms.katalon.core.logging.XmlKeywordLogger</class>
  <method>endKeyword</method>
  <thread>1</thread>
  <message>End action : tap(findTestObject(\&amp;quot;Dashboard/Login/Login_BtnMasuk\&amp;quot;), 0)</message>
  <nestedLevel>1</nestedLevel>
</record>
<record>
  <date>2019-03-31T18:42:46</date>
  <millis>1554032566100</millis>
  <sequence>60</sequence>
  <level>START</level>
  <class>com.kms.katalon.core.logging.XmlKeywordLogger</class>
  <method>startKeyword</method>
  <thread>1</thread>
  <message>Start action : switch (varExpectedResult.toString())</message>
  <nestedLevel>1</nestedLevel>
  <property name="startLine">42</property>
  <property name="stepIndex">8</property>
</record>
<record>
  <date>2019-03-31T18:42:46</date>
  <millis>1554032566102</millis>
  <sequence>61</sequence>
  <level>START</level>
  <class>com.kms.katalon.core.logging.XmlKeywordLogger</class>
  <method>startKeyword</method>
  <thread>1</thread>
  <message>Start action : case \&amp;quot;FAIL\&amp;quot;:</message>
  <nestedLevel>2</nestedLevel>
  <property name="startLine">53</property>
  <property name="stepIndex">2</property>
</record>
<record>
  <date>2019-03-31T18:42:46</date>
  <millis>1554032566102</millis>
  <sequence>62</sequence>
  <level>START</level>
  <class>com.kms.katalon.core.logging.XmlKeywordLogger</class>
  <method>startKeyword</method>
  <thread>1</thread>
  <message>Start action : verifyElementNotVisible(findTestObject(\&amp;quot;Dashboard/Dashboard_BtnUserEmail\&amp;quot;, [\&amp;quot;UseName\&amp;quot;:varUsername]), 5)</message>
  <nestedLevel>3</nestedLevel>
  <property name="startLine">54</property>
  <property name="stepIndex">1</property>
</record>
<record>
  <date>2019-03-31T18:42:51</date>
  <millis>1554032571130</millis>
  <sequence>66</sequence>
  <level>PASSED</level>
  <class>com.kms.katalon.core.logging.XmlKeywordLogger</class>
  <method>logMessage</method>
  <thread>1</thread>
  <message>Element &amp;apos;Object Repository/Dashboard/Dashboard_BtnUserEmail&amp;apos; not found</message>
  <nestedLevel>1</nestedLevel>
</record>
<record>
  <date>2019-03-31T18:42:51</date>
  <millis>1554032571131</millis>
  <sequence>67</sequence>
  <level>END</level>
  <class>com.kms.katalon.core.logging.XmlKeywordLogger</class>
  <method>endKeyword</method>
  <thread>1</thread>
  <message>End action : verifyElementNotVisible(findTestObject(\&amp;quot;Dashboard/Dashboard_BtnUserEmail\&amp;quot;, [\&amp;quot;UseName\&amp;quot;:varUsername]), 5)</message>
  <nestedLevel>3</nestedLevel>
</record>
<record>
  <date>2019-03-31T18:42:51</date>
  <millis>1554032571131</millis>
  <sequence>68</sequence>
  <level>START</level>
  <class>com.kms.katalon.core.logging.XmlKeywordLogger</class>
  <method>startKeyword</method>
  <thread>1</thread>
  <message>Start action : break</message>
  <nestedLevel>3</nestedLevel>
  <property name="startLine">57</property>
  <property name="stepIndex">2</property>
</record>
<record>
  <date>2019-03-31T18:42:51</date>
  <millis>1554032571131</millis>
  <sequence>69</sequence>
  <level>END</level>
  <class>com.kms.katalon.core.logging.XmlKeywordLogger</class>
  <method>endKeyword</method>
  <thread>1</thread>
  <message>End action : break</message>
  <nestedLevel>3</nestedLevel>
</record>
<record>
  <date>2019-03-31T18:42:51</date>
  <millis>1554032571132</millis>
  <sequence>70</sequence>
  <level>END</level>
  <class>com.kms.katalon.core.logging.XmlKeywordLogger</class>
  <method>endKeyword</method>
  <thread>1</thread>
  <message>End action : case \&amp;quot;FAIL\&amp;quot;:</message>
  <nestedLevel>2</nestedLevel>
</record>
<record>
  <date>2019-03-31T18:42:51</date>
  <millis>1554032571132</millis>
  <sequence>71</sequence>
  <level>END</level>
  <class>com.kms.katalon.core.logging.XmlKeywordLogger</class>
  <method>endKeyword</method>
  <thread>1</thread>
  <message>End action : switch (varExpectedResult.toString())</message>
  <nestedLevel>1</nestedLevel>
</record>
<record>
  <date>2019-03-31T18:42:51</date>
  <millis>1554032571132</millis>
  <sequence>72</sequence>
  <level>START</level>
  <class>com.kms.katalon.core.logging.XmlKeywordLogger</class>
  <method>startKeyword</method>
  <thread>1</thread>
  <message>Start action : delay(5, STOP_ON_FAILURE)</message>
  <nestedLevel>1</nestedLevel>
  <property name="startLine">64</property>
  <property name="stepIndex">9</property>
</record>
<record>
  <date>2019-03-31T18:42:56</date>
  <millis>1554032576148</millis>
  <sequence>74</sequence>
  <level>PASSED</level>
  <class>com.kms.katalon.core.logging.XmlKeywordLogger</class>
  <method>logMessage</method>
  <thread>1</thread>
  <message>Delayed 5 second(s)</message>
  <nestedLevel>1</nestedLevel>
</record>
<record>
  <date>2019-03-31T18:42:56</date>
  <millis>1554032576149</millis>
  <sequence>75</sequence>
  <level>END</level>
  <class>com.kms.katalon.core.logging.XmlKeywordLogger</class>
  <method>endKeyword</method>
  <thread>1</thread>
  <message>End action : delay(5, STOP_ON_FAILURE)</message>
  <nestedLevel>1</nestedLevel>
</record>
<record>
  <date>2019-03-31T18:42:56</date>
  <millis>1554032576149</millis>
  <sequence>76</sequence>
  <level>START</level>
  <class>com.kms.katalon.core.logging.XmlKeywordLogger</class>
  <method>startKeyword</method>
  <thread>1</thread>
  <message>Start action : closeApplication()</message>
  <nestedLevel>1</nestedLevel>
  <property name="startLine">66</property>
  <property name="stepIndex">10</property>
</record>
<record>
  <date>2019-03-31T18:42:56</date>
  <millis>1554032576260</millis>
  <sequence>77</sequence>
  <level>PASSED</level>
  <class>com.kms.katalon.core.logging.XmlKeywordLogger</class>
  <method>logMessage</method>
  <thread>1</thread>
  <message>Close app successfully</message>
  <nestedLevel>1</nestedLevel>
</record>
<record>
  <date>2019-03-31T18:42:56</date>
  <millis>1554032576261</millis>
  <sequence>78</sequence>
  <level>END</level>
  <class>com.kms.katalon.core.logging.XmlKeywordLogger</class>
  <method>endKeyword</method>
  <thread>1</thread>
  <message>End action : closeApplication()</message>
  <nestedLevel>1</nestedLevel>
</record>
<record>
  <date>2019-03-31T18:42:56</date>
  <millis>1554032576261</millis>
  <sequence>79</sequence>
  <level>PASSED</level>
  <class>com.kms.katalon.core.logging.XmlKeywordLogger</class>
  <method>logMessage</method>
  <thread>1</thread>
  <message>Test Cases/Dashboard/Login/Login</message>
  <nestedLevel>1</nestedLevel>
</record>
<record>
  <date>2019-03-31T18:42:56</date>
  <millis>1554032576261</millis>
  <sequence>80</sequence>
  <level>END</level>
  <class>com.kms.katalon.core.logging.XmlKeywordLogger</class>
  <method>endTest</method>
  <thread>1</thread>
  <message>End Test Case : Test Cases/Dashboard/Login/Login</message>
  <nestedLevel>0</nestedLevel>
</record>
<record>
  <date>2019-03-31T18:42:56</date>
  <millis>1554032576265</millis>
  <sequence>81</sequence>
  <level>START</level>
  <class>com.kms.katalon.core.logging.XmlKeywordLogger</class>
  <method>startTest</method>
  <thread>1</thread>
  <message>Start Test Case : Test Cases/Dashboard/Login/Login</message>
  <nestedLevel>1</nestedLevel>
  <property name="name">Test Cases/Dashboard/Login/Login</property>
  <property name="description"></property>
  <property name="id">Test Cases/Dashboard/Login/Login</property>
  <property name="source">\\Users\\tomyhidayat\\Documents\\OneDrive\\comp\\ACC\\katalon_sourcecode\\acc-implementation\\accone-mobile\\Test Cases\\Dashboard\\Login\\Login.tc</property>
  <property name="isOptional">false</property>
</record>
<record>
  <date>2019-03-31T18:42:56</date>
  <millis>1554032576278</millis>
  <sequence>83</sequence>
  <level>INFO</level>
  <class>com.kms.katalon.core.logging.XmlKeywordLogger</class>
  <method>logMessage</method>
  <thread>1</thread>
  <message>varUsername = aya@4mail.top</message>
  <nestedLevel>1</nestedLevel>
</record>
<record>
  <date>2019-03-31T18:42:56</date>
  <millis>1554032576278</millis>
  <sequence>84</sequence>
  <level>INFO</level>
  <class>com.kms.katalon.core.logging.XmlKeywordLogger</class>
  <method>logMessage</method>
  <thread>1</thread>
  <message>varPassword = Password1!</message>
  <nestedLevel>1</nestedLevel>
</record>
<record>
  <date>2019-03-31T18:42:56</date>
  <millis>1554032576278</millis>
  <sequence>85</sequence>
  <level>INFO</level>
  <class>com.kms.katalon.core.logging.XmlKeywordLogger</class>
  <method>logMessage</method>
  <thread>1</thread>
  <message>varExpectedResult = PASS</message>
  <nestedLevel>1</nestedLevel>
</record>
<record>
  <date>2019-03-31T18:42:56</date>
  <millis>1554032576280</millis>
  <sequence>86</sequence>
  <level>START</level>
  <class>com.kms.katalon.core.logging.XmlKeywordLogger</class>
  <method>startKeyword</method>
  <thread>1</thread>
  <message>Start action : appPath = relativeToAbsolutePath(apkname, getProjectDir())</message>
  <nestedLevel>1</nestedLevel>
  <property name="startLine">19</property>
  <property name="stepIndex">1</property>
  <property name="description">required for PathUtil to get the current app path</property>
</record>
<record>
  <date>2019-03-31T18:42:56</date>
  <millis>1554032576280</millis>
  <sequence>87</sequence>
  <level>END</level>
  <class>com.kms.katalon.core.logging.XmlKeywordLogger</class>
  <method>endKeyword</method>
  <thread>1</thread>
  <message>End action : appPath = relativeToAbsolutePath(apkname, getProjectDir())</message>
  <nestedLevel>1</nestedLevel>
</record>
<record>
  <date>2019-03-31T18:42:56</date>
  <millis>1554032576281</millis>
  <sequence>88</sequence>
  <level>START</level>
  <class>com.kms.katalon.core.logging.XmlKeywordLogger</class>
  <method>startKeyword</method>
  <thread>1</thread>
  <message>Start action : startApplication(appPath, false)</message>
  <nestedLevel>1</nestedLevel>
  <property name="startLine">21</property>
  <property name="stepIndex">2</property>
</record>
<record>
  <date>2019-03-31T18:42:58</date>
  <millis>1554032578094</millis>
  <sequence>90</sequence>
  <level>INFO</level>
  <class>com.kms.katalon.core.logging.XmlKeywordLogger</class>
  <method>logMessage</method>
  <thread>1</thread>
  <message>Appium server started on port 60,984</message>
  <nestedLevel>1</nestedLevel>
</record>
<record>
  <date>2019-03-31T18:43:05</date>
  <millis>1554032585961</millis>
  <sequence>92</sequence>
  <level>RUN_DATA</level>
  <class>com.kms.katalon.core.logging.XmlKeywordLogger</class>
  <method>logMessage</method>
  <thread>1</thread>
  <message>appiumVersion = 1.8.1</message>
  <nestedLevel>1</nestedLevel>
  <property name="appiumVersion">1.8.1</property>
</record>
<record>
  <date>2019-03-31T18:43:05</date>
  <millis>1554032585982</millis>
  <sequence>93</sequence>
  <level>RUN_DATA</level>
  <class>com.kms.katalon.core.logging.XmlKeywordLogger</class>
  <method>logMessage</method>
  <thread>1</thread>
  <message>deviceId = emulator-5554</message>
  <nestedLevel>1</nestedLevel>
  <property name="deviceId">emulator-5554</property>
</record>
<record>
  <date>2019-03-31T18:43:05</date>
  <millis>1554032585983</millis>
  <sequence>94</sequence>
  <level>RUN_DATA</level>
  <class>com.kms.katalon.core.logging.XmlKeywordLogger</class>
  <method>logMessage</method>
  <thread>1</thread>
  <message>deviceName = emulator-5554 (Android SDK built for x86 - Android 8.1.0)</message>
  <nestedLevel>1</nestedLevel>
  <property name="deviceName">emulator-5554 (Android SDK built for x86 - Android 8.1.0)</property>
</record>
<record>
  <date>2019-03-31T18:43:05</date>
  <millis>1554032585983</millis>
  <sequence>95</sequence>
  <level>RUN_DATA</level>
  <class>com.kms.katalon.core.logging.XmlKeywordLogger</class>
  <method>logMessage</method>
  <thread>1</thread>
  <message>deviceModel = Android SDK built for x86</message>
  <nestedLevel>1</nestedLevel>
  <property name="deviceModel">Android SDK built for x86</property>
</record>
<record>
  <date>2019-03-31T18:43:05</date>
  <millis>1554032585984</millis>
  <sequence>96</sequence>
  <level>RUN_DATA</level>
  <class>com.kms.katalon.core.logging.XmlKeywordLogger</class>
  <method>logMessage</method>
  <thread>1</thread>
  <message>deviceManufacturer = Google</message>
  <nestedLevel>1</nestedLevel>
  <property name="deviceManufacturer">Google</property>
</record>
<record>
  <date>2019-03-31T18:43:05</date>
  <millis>1554032585984</millis>
  <sequence>97</sequence>
  <level>RUN_DATA</level>
  <class>com.kms.katalon.core.logging.XmlKeywordLogger</class>
  <method>logMessage</method>
  <thread>1</thread>
  <message>deviceOS = Android</message>
  <nestedLevel>1</nestedLevel>
  <property name="deviceOS">Android</property>
</record>
<record>
  <date>2019-03-31T18:43:05</date>
  <millis>1554032585984</millis>
  <sequence>98</sequence>
  <level>RUN_DATA</level>
  <class>com.kms.katalon.core.logging.XmlKeywordLogger</class>
  <method>logMessage</method>
  <thread>1</thread>
  <message>deviceOSVersion = 8.1.0</message>
  <nestedLevel>1</nestedLevel>
  <property name="deviceOSVersion">8.1.0</property>
</record>
<record>
  <date>2019-03-31T18:43:05</date>
  <millis>1554032585988</millis>
  <sequence>99</sequence>
  <level>PASSED</level>
  <class>com.kms.katalon.core.logging.XmlKeywordLogger</class>
  <method>logMessage</method>
  <thread>1</thread>
  <message>Started app at: &amp;apos;/Users/tomyhidayat/Documents/OneDrive/comp/ACC/katalon_sourcecode/acc-implementation/accone-mobile/AccWorld.apk&amp;apos;</message>
  <nestedLevel>1</nestedLevel>
</record>
<record>
  <date>2019-03-31T18:43:05</date>
  <millis>1554032585989</millis>
  <sequence>100</sequence>
  <level>END</level>
  <class>com.kms.katalon.core.logging.XmlKeywordLogger</class>
  <method>endKeyword</method>
  <thread>1</thread>
  <message>End action : startApplication(appPath, false)</message>
  <nestedLevel>1</nestedLevel>
</record>
<record>
  <date>2019-03-31T18:43:05</date>
  <millis>1554032585989</millis>
  <sequence>101</sequence>
  <level>START</level>
  <class>com.kms.katalon.core.logging.XmlKeywordLogger</class>
  <method>startKeyword</method>
  <thread>1</thread>
  <message>Start action : waitForElementPresent(findTestObject(\&amp;quot;Dashboard/Dashboard_MenuLogin\&amp;quot;), 0)</message>
  <nestedLevel>1</nestedLevel>
  <property name="startLine">23</property>
  <property name="stepIndex">3</property>
</record>
<record>
  <date>2019-03-31T18:43:05</date>
  <millis>1554032585995</millis>
  <sequence>105</sequence>
  <level>WARNING</level>
  <class>com.kms.katalon.core.logging.XmlKeywordLogger</class>
  <method>logMessage</method>
  <thread>1</thread>
  <message>Timeout &amp;apos;0&amp;apos; is invalid. Using default page load timeout: &amp;apos;30&amp;apos;</message>
  <nestedLevel>1</nestedLevel>
</record>
<record>
  <date>2019-03-31T18:43:12</date>
  <millis>1554032592344</millis>
  <sequence>106</sequence>
  <level>PASSED</level>
  <class>com.kms.katalon.core.logging.XmlKeywordLogger</class>
  <method>logMessage</method>
  <thread>1</thread>
  <message>Element &amp;apos;Object Repository/Dashboard/Dashboard_MenuLogin&amp;apos; is present</message>
  <nestedLevel>1</nestedLevel>
</record>
<record>
  <date>2019-03-31T18:43:12</date>
  <millis>1554032592346</millis>
  <sequence>107</sequence>
  <level>END</level>
  <class>com.kms.katalon.core.logging.XmlKeywordLogger</class>
  <method>endKeyword</method>
  <thread>1</thread>
  <message>End action : waitForElementPresent(findTestObject(\&amp;quot;Dashboard/Dashboard_MenuLogin\&amp;quot;), 0)</message>
  <nestedLevel>1</nestedLevel>
</record>
<record>
  <date>2019-03-31T18:43:12</date>
  <millis>1554032592346</millis>
  <sequence>108</sequence>
  <level>START</level>
  <class>com.kms.katalon.core.logging.XmlKeywordLogger</class>
  <method>startKeyword</method>
  <thread>1</thread>
  <message>Start action : tap(findTestObject(\&amp;quot;Dashboard/Dashboard_MenuLogin\&amp;quot;), 0)</message>
  <nestedLevel>1</nestedLevel>
  <property name="startLine">34</property>
  <property name="stepIndex">4</property>
</record>
<record>
  <date>2019-03-31T18:43:12</date>
  <millis>1554032592352</millis>
  <sequence>112</sequence>
  <level>WARNING</level>
  <class>com.kms.katalon.core.logging.XmlKeywordLogger</class>
  <method>logMessage</method>
  <thread>1</thread>
  <message>Timeout &amp;apos;0&amp;apos; is invalid. Using default page load timeout: &amp;apos;30&amp;apos;</message>
  <nestedLevel>1</nestedLevel>
</record>
<record>
  <date>2019-03-31T18:43:14</date>
  <millis>1554032594334</millis>
  <sequence>113</sequence>
  <level>PASSED</level>
  <class>com.kms.katalon.core.logging.XmlKeywordLogger</class>
  <method>logMessage</method>
  <thread>1</thread>
  <message>Tapped on element &amp;apos;Object Repository/Dashboard/Dashboard_MenuLogin&amp;apos;</message>
  <nestedLevel>1</nestedLevel>
</record>
<record>
  <date>2019-03-31T18:43:14</date>
  <millis>1554032594335</millis>
  <sequence>114</sequence>
  <level>END</level>
  <class>com.kms.katalon.core.logging.XmlKeywordLogger</class>
  <method>endKeyword</method>
  <thread>1</thread>
  <message>End action : tap(findTestObject(\&amp;quot;Dashboard/Dashboard_MenuLogin\&amp;quot;), 0)</message>
  <nestedLevel>1</nestedLevel>
</record>
<record>
  <date>2019-03-31T18:43:14</date>
  <millis>1554032594335</millis>
  <sequence>115</sequence>
  <level>START</level>
  <class>com.kms.katalon.core.logging.XmlKeywordLogger</class>
  <method>startKeyword</method>
  <thread>1</thread>
  <message>Start action : setText(findTestObject(\&amp;quot;Dashboard/Login/Login_InpEmail\&amp;quot;), varUsername, 0)</message>
  <nestedLevel>1</nestedLevel>
  <property name="startLine">36</property>
  <property name="stepIndex">5</property>
</record>
<record>
  <date>2019-03-31T18:43:14</date>
  <millis>1554032594340</millis>
  <sequence>119</sequence>
  <level>WARNING</level>
  <class>com.kms.katalon.core.logging.XmlKeywordLogger</class>
  <method>logMessage</method>
  <thread>1</thread>
  <message>Timeout &amp;apos;0&amp;apos; is invalid. Using default page load timeout: &amp;apos;30&amp;apos;</message>
  <nestedLevel>1</nestedLevel>
</record>
<record>
  <date>2019-03-31T18:43:14</date>
  <millis>1554032594742</millis>
  <sequence>120</sequence>
  <level>PASSED</level>
  <class>com.kms.katalon.core.logging.XmlKeywordLogger</class>
  <method>logMessage</method>
  <thread>1</thread>
  <message>Text &amp;apos;motola.cihuyy2k@gmail.com&amp;apos; has been set to element &amp;apos;Object Repository/Dashboard/Login/Login_InpEmail&amp;apos;</message>
  <nestedLevel>1</nestedLevel>
</record>
<record>
  <date>2019-03-31T18:43:14</date>
  <millis>1554032594743</millis>
  <sequence>121</sequence>
  <level>END</level>
  <class>com.kms.katalon.core.logging.XmlKeywordLogger</class>
  <method>endKeyword</method>
  <thread>1</thread>
  <message>End action : setText(findTestObject(\&amp;quot;Dashboard/Login/Login_InpEmail\&amp;quot;), varUsername, 0)</message>
  <nestedLevel>1</nestedLevel>
</record>
<record>
  <date>2019-03-31T18:43:14</date>
  <millis>1554032594743</millis>
  <sequence>122</sequence>
  <level>START</level>
  <class>com.kms.katalon.core.logging.XmlKeywordLogger</class>
  <method>startKeyword</method>
  <thread>1</thread>
  <message>Start action : setText(findTestObject(\&amp;quot;Dashboard/Login/Login_InpPassword\&amp;quot;), varPassword, 0)</message>
  <nestedLevel>1</nestedLevel>
  <property name="startLine">38</property>
  <property name="stepIndex">6</property>
</record>
<record>
  <date>2019-03-31T18:43:14</date>
  <millis>1554032594748</millis>
  <sequence>126</sequence>
  <level>WARNING</level>
  <class>com.kms.katalon.core.logging.XmlKeywordLogger</class>
  <method>logMessage</method>
  <thread>1</thread>
  <message>Timeout &amp;apos;0&amp;apos; is invalid. Using default page load timeout: &amp;apos;30&amp;apos;</message>
  <nestedLevel>1</nestedLevel>
</record>
<record>
  <date>2019-03-31T18:43:15</date>
  <millis>1554032595907</millis>
  <sequence>127</sequence>
  <level>PASSED</level>
  <class>com.kms.katalon.core.logging.XmlKeywordLogger</class>
  <method>logMessage</method>
  <thread>1</thread>
  <message>Text &amp;apos;Password1!&amp;apos; has been set to element &amp;apos;Object Repository/Dashboard/Login/Login_InpPassword&amp;apos;</message>
  <nestedLevel>1</nestedLevel>
</record>
<record>
  <date>2019-03-31T18:43:15</date>
  <millis>1554032595907</millis>
  <sequence>128</sequence>
  <level>END</level>
  <class>com.kms.katalon.core.logging.XmlKeywordLogger</class>
  <method>endKeyword</method>
  <thread>1</thread>
  <message>End action : setText(findTestObject(\&amp;quot;Dashboard/Login/Login_InpPassword\&amp;quot;), varPassword, 0)</message>
  <nestedLevel>1</nestedLevel>
</record>
<record>
  <date>2019-03-31T18:43:15</date>
  <millis>1554032595908</millis>
  <sequence>129</sequence>
  <level>START</level>
  <class>com.kms.katalon.core.logging.XmlKeywordLogger</class>
  <method>startKeyword</method>
  <thread>1</thread>
  <message>Start action : tap(findTestObject(\&amp;quot;Dashboard/Login/Login_BtnMasuk\&amp;quot;), 0)</message>
  <nestedLevel>1</nestedLevel>
  <property name="startLine">40</property>
  <property name="stepIndex">7</property>
</record>
<record>
  <date>2019-03-31T18:43:15</date>
  <millis>1554032595913</millis>
  <sequence>133</sequence>
  <level>WARNING</level>
  <class>com.kms.katalon.core.logging.XmlKeywordLogger</class>
  <method>logMessage</method>
  <thread>1</thread>
  <message>Timeout &amp;apos;0&amp;apos; is invalid. Using default page load timeout: &amp;apos;30&amp;apos;</message>
  <nestedLevel>1</nestedLevel>
</record>
<record>
  <date>2019-03-31T18:43:19</date>
  <millis>1554032599863</millis>
  <sequence>134</sequence>
  <level>PASSED</level>
  <class>com.kms.katalon.core.logging.XmlKeywordLogger</class>
  <method>logMessage</method>
  <thread>1</thread>
  <message>Tapped on element &amp;apos;Object Repository/Dashboard/Login/Login_BtnMasuk&amp;apos;</message>
  <nestedLevel>1</nestedLevel>
</record>
<record>
  <date>2019-03-31T18:43:19</date>
  <millis>1554032599864</millis>
  <sequence>135</sequence>
  <level>END</level>
  <class>com.kms.katalon.core.logging.XmlKeywordLogger</class>
  <method>endKeyword</method>
  <thread>1</thread>
  <message>End action : tap(findTestObject(\&amp;quot;Dashboard/Login/Login_BtnMasuk\&amp;quot;), 0)</message>
  <nestedLevel>1</nestedLevel>
</record>
<record>
  <date>2019-03-31T18:43:19</date>
  <millis>1554032599864</millis>
  <sequence>136</sequence>
  <level>START</level>
  <class>com.kms.katalon.core.logging.XmlKeywordLogger</class>
  <method>startKeyword</method>
  <thread>1</thread>
  <message>Start action : switch (varExpectedResult.toString())</message>
  <nestedLevel>1</nestedLevel>
  <property name="startLine">42</property>
  <property name="stepIndex">8</property>
</record>
<record>
  <date>2019-03-31T18:43:19</date>
  <millis>1554032599865</millis>
  <sequence>137</sequence>
  <level>START</level>
  <class>com.kms.katalon.core.logging.XmlKeywordLogger</class>
  <method>startKeyword</method>
  <thread>1</thread>
  <message>Start action : case \&amp;quot;PASS\&amp;quot;:</message>
  <nestedLevel>2</nestedLevel>
  <property name="startLine">43</property>
  <property name="stepIndex">1</property>
</record>
<record>
  <date>2019-03-31T18:43:19</date>
  <millis>1554032599865</millis>
  <sequence>138</sequence>
  <level>START</level>
  <class>com.kms.katalon.core.logging.XmlKeywordLogger</class>
  <method>startKeyword</method>
  <thread>1</thread>
  <message>Start action : waitForElementPresent(findTestObject(\&amp;quot;Dashboard/Dashboard_BtnUserEmail\&amp;quot;, [\&amp;quot;UserEmail\&amp;quot;:varUsername]), 0)</message>
  <nestedLevel>3</nestedLevel>
  <property name="startLine">44</property>
  <property name="stepIndex">1</property>
</record>
<record>
  <date>2019-03-31T18:43:19</date>
  <millis>1554032599870</millis>
  <sequence>142</sequence>
  <level>WARNING</level>
  <class>com.kms.katalon.core.logging.XmlKeywordLogger</class>
  <method>logMessage</method>
  <thread>1</thread>
  <message>Timeout &amp;apos;0&amp;apos; is invalid. Using default page load timeout: &amp;apos;30&amp;apos;</message>
  <nestedLevel>1</nestedLevel>
</record>
<record>
  <date>2019-03-31T18:43:49</date>
  <millis>1554032629871</millis>
  <sequence>143</sequence>
  <level>WARNING</level>
  <class>com.kms.katalon.core.logging.XmlKeywordLogger</class>
  <method>logMessage</method>
  <thread>1</thread>
  <message>Object Object Repository/Dashboard/Dashboard_BtnUserEmail not found</message>
  <nestedLevel>1</nestedLevel>
</record>
<record>
  <date>2019-03-31T18:43:49</date>
  <millis>1554032629872</millis>
  <sequence>144</sequence>
  <level>END</level>
  <class>com.kms.katalon.core.logging.XmlKeywordLogger</class>
  <method>endKeyword</method>
  <thread>1</thread>
  <message>End action : waitForElementPresent(findTestObject(\&amp;quot;Dashboard/Dashboard_BtnUserEmail\&amp;quot;, [\&amp;quot;UserEmail\&amp;quot;:varUsername]), 0)</message>
  <nestedLevel>3</nestedLevel>
</record>
<record>
  <date>2019-03-31T18:43:49</date>
  <millis>1554032629872</millis>
  <sequence>145</sequence>
  <level>START</level>
  <class>com.kms.katalon.core.logging.XmlKeywordLogger</class>
  <method>startKeyword</method>
  <thread>1</thread>
  <message>Start action : verifyElementVisible(findTestObject(\&amp;quot;Dashboard/Dashboard_BtnUserEmail\&amp;quot;, [\&amp;quot;UserEmail\&amp;quot;:varUsername]), 0)</message>
  <nestedLevel>3</nestedLevel>
  <property name="startLine">47</property>
  <property name="stepIndex">2</property>
</record>
<record>
  <date>2019-03-31T18:43:49</date>
  <millis>1554032629880</millis>
  <sequence>149</sequence>
  <level>WARNING</level>
  <class>com.kms.katalon.core.logging.XmlKeywordLogger</class>
  <method>logMessage</method>
  <thread>1</thread>
  <message>Timeout &amp;apos;0&amp;apos; is invalid. Using default page load timeout: &amp;apos;30&amp;apos;</message>
  <nestedLevel>1</nestedLevel>
</record>
</log>
